2024-12-13 10:27:31,648 [INFO] Activator:176 - 


2024-12-13 10:27:31,652 [INFO] Activator:177 - !SESSION log4j initialized
2024-12-13 10:27:36,211 [INFO] LogOutputStream:77 - [STDOUT_REDIRECT] 
2024-12-13 10:27:38,053 [INFO] ApplicationProperties:184 - Using Application install path: C:\ST\STM32CubeIDE_1.17.0\STM32CubeIDE\plugins\com.st.stm32cube.common.mx_6.13.0.202411220809
2024-12-13 10:27:38,067 [INFO] DbMcusXml:78 - Set database path to: C:\ST\STM32CubeIDE_1.17.0\STM32CubeIDE\plugins\com.st.stm32cube.common.mx_6.13.0.202411220809\\db\/mcu/
2024-12-13 10:27:38,067 [INFO] ApiDb:274 - Set plugin database path to: C:\ST\STM32CubeIDE_1.17.0\STM32CubeIDE\plugins\com.st.stm32cube.common.mx_6.13.0.202411220809\\db\/plugins/boardmanager/
2024-12-13 10:27:38,067 [WARN] ApiDb:259 - Overriding images path with different value:  => C:\ST\STM32CubeIDE_1.17.0\STM32CubeIDE\plugins\com.st.stm32cube.common.mx_6.13.0.202411220809\\db\/plugins/mcufinder/images/
2024-12-13 10:27:38,073 [INFO] ApiDb:250 - Set database path to: C:\Users\Neko\.stmcufinder\plugins\mcufinder//mcu/
2024-12-13 10:27:38,074 [INFO] DbMcusAds:125 - Set database path to: C:\Users\Neko\.stmcufinder\plugins\mcufinder//mcu/
2024-12-13 10:27:38,075 [INFO] CrossReferenceDbSqlite:203 - Set database path to: C:\Users\Neko\.stmcufinder\plugins\mcufinder//mcu/cs/
2024-12-13 10:27:38,149 [INFO] RulesReader:64 - Compatibility file has been processed (297 Rules)
2024-12-13 10:27:38,204 [INFO] DbMcusXml:78 - Set database path to: C:\ST\STM32CubeIDE_1.17.0\STM32CubeIDE\plugins\com.st.stm32cube.common.mx_6.13.0.202411220809\\db\/mcu/
2024-12-13 10:27:38,204 [INFO] ApiDb:274 - Set plugin database path to: C:\ST\STM32CubeIDE_1.17.0\STM32CubeIDE\plugins\com.st.stm32cube.common.mx_6.13.0.202411220809\\db\/plugins/boardmanager/
2024-12-13 10:27:38,204 [INFO] ApiDb:261 - Set plugin images path to: C:\ST\STM32CubeIDE_1.17.0\STM32CubeIDE\plugins\com.st.stm32cube.common.mx_6.13.0.202411220809\\db\/plugins/mcufinder/images/
2024-12-13 10:27:38,204 [WARN] DbFile:41 - Overriding database path with different value: C:\Users\Neko\.stmcufinder\plugins\mcufinder/ => C:\Users\Neko\.stmcufinder\plugins\mcufinder
2024-12-13 10:27:38,204 [INFO] ApiDb:250 - Set database path to: C:\Users\Neko\.stmcufinder\plugins\mcufinder//mcu/
2024-12-13 10:27:38,204 [WARN] DbFile:41 - Overriding database path with different value: C:\Users\Neko\.stmcufinder\plugins\mcufinder/ => C:\Users\Neko\.stmcufinder\plugins\mcufinder
2024-12-13 10:27:38,204 [INFO] DbMcusAds:125 - Set database path to: C:\Users\Neko\.stmcufinder\plugins\mcufinder//mcu/
2024-12-13 10:27:38,204 [WARN] DbFile:41 - Overriding database path with different value: C:\Users\Neko\.stmcufinder\plugins\mcufinder/ => C:\Users\Neko\.stmcufinder\plugins\mcufinder
2024-12-13 10:27:38,204 [WARN] DbFile:41 - Overriding database path with different value: C:\Users\Neko\.stmcufinder\plugins\mcufinder/ => C:\Users\Neko\.stmcufinder\plugins\mcufinder
2024-12-13 10:27:38,204 [INFO] CrossReferenceDbSqlite:203 - Set database path to: C:\Users\Neko\.stmcufinder\plugins\mcufinder//mcu/cs/
2024-12-13 10:27:38,254 [INFO] MainPanel:272 - HeapMemory: 268435456
2024-12-13 10:27:38,325 [INFO] DbMcusXml:78 - Set database path to: C:\ST\STM32CubeIDE_1.17.0\STM32CubeIDE\plugins\com.st.stm32cube.common.mx_6.13.0.202411220809\\db\/mcu/
2024-12-13 10:27:38,325 [INFO] ApiDb:274 - Set plugin database path to: C:\ST\STM32CubeIDE_1.17.0\STM32CubeIDE\plugins\com.st.stm32cube.common.mx_6.13.0.202411220809\\db\/plugins/boardmanager/
2024-12-13 10:27:38,326 [INFO] ApiDb:261 - Set plugin images path to: C:\ST\STM32CubeIDE_1.17.0\STM32CubeIDE\plugins\com.st.stm32cube.common.mx_6.13.0.202411220809\\db\/plugins/mcufinder/images/
2024-12-13 10:27:38,326 [WARN] DbFile:41 - Overriding database path with different value: C:\Users\Neko\.stmcufinder\plugins\mcufinder/ => C:\Users\Neko\.stmcufinder\plugins\mcufinder
2024-12-13 10:27:38,326 [INFO] ApiDb:250 - Set database path to: C:\Users\Neko\.stmcufinder\plugins\mcufinder//mcu/
2024-12-13 10:27:38,326 [WARN] DbFile:41 - Overriding database path with different value: C:\Users\Neko\.stmcufinder\plugins\mcufinder/ => C:\Users\Neko\.stmcufinder\plugins\mcufinder
2024-12-13 10:27:38,326 [INFO] DbMcusAds:125 - Set database path to: C:\Users\Neko\.stmcufinder\plugins\mcufinder//mcu/
2024-12-13 10:27:38,326 [WARN] DbFile:41 - Overriding database path with different value: C:\Users\Neko\.stmcufinder\plugins\mcufinder/ => C:\Users\Neko\.stmcufinder\plugins\mcufinder
2024-12-13 10:27:38,326 [WARN] DbFile:41 - Overriding database path with different value: C:\Users\Neko\.stmcufinder\plugins\mcufinder/ => C:\Users\Neko\.stmcufinder\plugins\mcufinder
2024-12-13 10:27:38,326 [INFO] CrossReferenceDbSqlite:203 - Set database path to: C:\Users\Neko\.stmcufinder\plugins\mcufinder//mcu/cs/
2024-12-13 10:27:38,339 [INFO] ApplicationProperties:184 - Using Application install path: C:\ST\STM32CubeIDE_1.17.0\STM32CubeIDE\plugins\com.st.stm32cube.common.mx_6.13.0.202411220809
2024-12-13 10:27:38,340 [INFO] PluginManage:196 - Search for loadable plugins [exclusion list=, ]
2024-12-13 10:27:38,340 [INFO] PluginManage:310 - Check plugin analytics
2024-12-13 10:27:38,436 [INFO] AnalyticsPlugin:253 - Accepted Software Licenses: 
2024-12-13 10:27:38,436 [INFO] AnalyticsPlugin:255 - Accepted CMSIS Pack Licenses: 
2024-12-13 10:27:38,437 [INFO] AnalyticsPlugin:257 - Accepted Firmware Licenses: FW.F4.1.28.0
2024-12-13 10:27:38,438 [INFO] PluginManage:359 - Loaded plugin analytics (category:tool,tabindex:-1)
2024-12-13 10:27:38,439 [INFO] PluginManage:310 - Check plugin cadmodel
2024-12-13 10:27:38,452 [INFO] CADModel:105 - Init CAD model plugin
2024-12-13 10:27:38,453 [INFO] PluginManage:359 - Loaded plugin cadmodel (category:power,tabindex:5)
2024-12-13 10:27:38,453 [INFO] PluginManage:310 - Check plugin clock
2024-12-13 10:27:38,467 [INFO] PluginManage:359 - Loaded plugin clock (category:base,tabindex:2)
2024-12-13 10:27:38,467 [INFO] PluginManage:310 - Check plugin ddr
2024-12-13 10:27:38,469 [INFO] PluginManage:359 - Loaded plugin ddr (category:tool,tabindex:6)
2024-12-13 10:27:38,469 [INFO] PluginManage:310 - Check plugin filemanager
2024-12-13 10:27:38,559 [INFO] PluginManage:359 - Loaded plugin filemanager (category:base,tabindex:10)
2024-12-13 10:27:38,559 [INFO] PluginManage:310 - Check plugin ipmanager
2024-12-13 10:27:38,564 [INFO] PluginManage:359 - Loaded plugin ipmanager (category:base,tabindex:5)
2024-12-13 10:27:38,564 [INFO] PluginManage:310 - Check plugin lpbam
2024-12-13 10:27:38,579 [INFO] PluginManage:359 - Loaded plugin lpbam (category:base,tabindex:0)
2024-12-13 10:27:38,579 [INFO] PluginManage:310 - Check plugin memorymap
2024-12-13 10:27:38,597 [INFO] PluginManage:359 - Loaded plugin memorymap (category:base,tabindex:4)
2024-12-13 10:27:38,597 [INFO] PluginManage:310 - Check plugin pinoutandconfiguration
2024-12-13 10:27:38,612 [INFO] PluginManage:359 - Loaded plugin pinoutandconfiguration (category:base,tabindex:1)
2024-12-13 10:27:38,612 [INFO] PluginManage:310 - Check plugin pinoutconfig
2024-12-13 10:27:38,676 [WARN] SupportedApi:132 - Cannot load RTOS API schema: s4s-elt-must-match.1: The content of 'definitions' must match (annotation?, (simpleType | complexType)?, (unique | key | keyref)*)). A problem was found starting at: attribute.
2024-12-13 10:27:38,757 [INFO] PluginManage:359 - Loaded plugin pinoutconfig (category:base,tabindex:0)
2024-12-13 10:27:38,758 [INFO] PluginManage:310 - Check plugin power
2024-12-13 10:27:38,774 [INFO] PluginManage:359 - Loaded plugin power (category:power,tabindex:4)
2024-12-13 10:27:38,774 [INFO] PluginManage:310 - Check plugin projectmanager
2024-12-13 10:27:38,785 [INFO] PluginManage:359 - Loaded plugin projectmanager (category:projectmanager,tabindex:4)
2024-12-13 10:27:38,785 [INFO] PluginManage:310 - Check plugin rif
2024-12-13 10:27:38,798 [INFO] PluginManage:359 - Loaded plugin rif (category:base,tabindex:3)
2024-12-13 10:27:38,798 [INFO] PluginManage:310 - Check plugin thirdparty
2024-12-13 10:27:38,978 [INFO] PluginManage:359 - Loaded plugin thirdparty (category:base,tabindex:-1)
2024-12-13 10:27:38,978 [WARN] IntegrityCheckThread:84 - waiting for thirdparty lock release [integrity check]
2024-12-13 10:27:38,978 [INFO] PluginManage:310 - Check plugin tools
2024-12-13 10:27:38,978 [INFO] IntegrityCheckThread:86 - entering critical section [integrity check]
2024-12-13 10:27:38,978 [INFO] ThirdPartyUpdaterWithRetryManager:70 - Updater plugin not ready yet. [1/15]
2024-12-13 10:27:39,009 [INFO] PluginManage:359 - Loaded plugin tools (category:base,tabindex:7)
2024-12-13 10:27:39,009 [INFO] PluginManage:310 - Check plugin tutovideos
2024-12-13 10:27:39,138 [INFO] PluginManage:359 - Loaded plugin tutovideos (category:base,tabindex:-1)
2024-12-13 10:27:39,138 [INFO] PluginManage:310 - Check plugin updater
2024-12-13 10:27:39,153 [INFO] PluginManage:359 - Loaded plugin updater (category:base,tabindex:12)
2024-12-13 10:27:39,153 [INFO] PluginManage:310 - Check plugin userauth
2024-12-13 10:27:39,156 [INFO] UserAuth:118 - Init User Auth plugin
2024-12-13 10:27:39,156 [INFO] PluginManage:359 - Loaded plugin userauth (category:base,tabindex:14)
2024-12-13 10:27:39,156 [INFO] PluginManage:283 - PluginManage : Loaded plugins [18]
2024-12-13 10:27:39,283 [INFO] PinOutPanel:1589 - setPackage(No Configuration,No Configuration)
2024-12-13 10:27:39,339 [INFO] CADModel:165 - CPN selected for project level
2024-12-13 10:27:39,340 [INFO] CADModel:114 - Register for checkConnection events
2024-12-13 10:27:39,362 [INFO] IPUIPlugin:80 - create IPUIPlugin
2024-12-13 10:27:39,362 [INFO] PluginManager:220 - loadIPPluginJar : add adc
2024-12-13 10:27:39,394 [INFO] IPUIPlugin:80 - create IPUIPlugin
2024-12-13 10:27:39,394 [INFO] PluginManager:220 - loadIPPluginJar : add aes
2024-12-13 10:27:39,427 [INFO] IPUIPlugin:80 - create IPUIPlugin
2024-12-13 10:27:39,427 [INFO] PluginManager:220 - loadIPPluginJar : add can
2024-12-13 10:27:39,447 [INFO] IPUIPlugin:80 - create IPUIPlugin
2024-12-13 10:27:39,447 [INFO] PluginManager:220 - loadIPPluginJar : add comp
2024-12-13 10:27:39,472 [INFO] IPUIPlugin:80 - create IPUIPlugin
2024-12-13 10:27:39,472 [INFO] PluginManager:220 - loadIPPluginJar : add cryp
2024-12-13 10:27:39,482 [INFO] IPUIPlugin:80 - create IPUIPlugin
2024-12-13 10:27:39,482 [INFO] PluginManager:220 - loadIPPluginJar : add ddr_ctrl_phy
2024-12-13 10:27:39,503 [INFO] IPUIPlugin:80 - create IPUIPlugin
2024-12-13 10:27:39,503 [INFO] PluginManager:220 - loadIPPluginJar : add dfsdm
2024-12-13 10:27:39,514 [INFO] IPUIPlugin:80 - create IPUIPlugin
2024-12-13 10:27:39,514 [INFO] PluginManager:220 - loadIPPluginJar : add dma
2024-12-13 10:27:39,540 [INFO] IPUIPlugin:80 - create IPUIPlugin
2024-12-13 10:27:39,541 [INFO] PluginManager:220 - loadIPPluginJar : add dma3
2024-12-13 10:27:39,577 [INFO] IPUIPlugin:80 - create IPUIPlugin
2024-12-13 10:27:39,577 [INFO] PluginManager:220 - loadIPPluginJar : add extmemmanager
2024-12-13 10:27:39,591 [INFO] IPUIPlugin:80 - create IPUIPlugin
2024-12-13 10:27:39,591 [INFO] PluginManager:220 - loadIPPluginJar : add fatfs
2024-12-13 10:27:39,623 [INFO] IPUIPlugin:80 - create IPUIPlugin
2024-12-13 10:27:39,624 [INFO] PluginManager:220 - loadIPPluginJar : add fmc
2024-12-13 10:27:39,634 [INFO] IPUIPlugin:80 - create IPUIPlugin
2024-12-13 10:27:39,635 [INFO] PluginManager:220 - loadIPPluginJar : add freertos
2024-12-13 10:27:39,648 [INFO] IPUIPlugin:80 - create IPUIPlugin
2024-12-13 10:27:39,648 [INFO] PluginManager:220 - loadIPPluginJar : add genericplugin
2024-12-13 10:27:39,709 [INFO] IPUIPlugin:80 - create IPUIPlugin
2024-12-13 10:27:39,709 [INFO] PluginManager:220 - loadIPPluginJar : add gfxmmu
2024-12-13 10:27:39,795 [INFO] IPUIPlugin:80 - create IPUIPlugin
2024-12-13 10:27:39,795 [INFO] PluginManager:220 - loadIPPluginJar : add gic
2024-12-13 10:27:39,805 [INFO] IPUIPlugin:80 - create IPUIPlugin
2024-12-13 10:27:39,805 [INFO] PluginManager:220 - loadIPPluginJar : add gpio
2024-12-13 10:27:39,869 [INFO] IPUIPlugin:80 - create IPUIPlugin
2024-12-13 10:27:39,869 [INFO] PluginManager:220 - loadIPPluginJar : add gtzc
2024-12-13 10:27:39,891 [INFO] IPUIPlugin:80 - create IPUIPlugin
2024-12-13 10:27:39,891 [INFO] PluginManager:220 - loadIPPluginJar : add hash
2024-12-13 10:27:39,926 [INFO] IPUIPlugin:80 - create IPUIPlugin
2024-12-13 10:27:39,926 [INFO] PluginManager:220 - loadIPPluginJar : add i2c
2024-12-13 10:27:39,961 [INFO] IPUIPlugin:80 - create IPUIPlugin
2024-12-13 10:27:39,961 [INFO] PluginManager:220 - loadIPPluginJar : add i2s
2024-12-13 10:27:39,998 [INFO] IPUIPlugin:80 - create IPUIPlugin
2024-12-13 10:27:39,998 [INFO] PluginManager:220 - loadIPPluginJar : add i3c
2024-12-13 10:27:40,081 [INFO] IPUIPlugin:80 - create IPUIPlugin
2024-12-13 10:27:40,082 [INFO] PluginManager:220 - loadIPPluginJar : add ipddr
2024-12-13 10:27:40,142 [INFO] IPUIPlugin:80 - create IPUIPlugin
2024-12-13 10:27:40,142 [INFO] PluginManager:220 - loadIPPluginJar : add linkedlist
2024-12-13 10:27:40,167 [INFO] IPUIPlugin:80 - create IPUIPlugin
2024-12-13 10:27:40,167 [INFO] PluginManager:220 - loadIPPluginJar : add lorawan
2024-12-13 10:27:40,193 [INFO] IPUIPlugin:80 - create IPUIPlugin
2024-12-13 10:27:40,193 [INFO] PluginManager:220 - loadIPPluginJar : add ltdc
2024-12-13 10:27:40,204 [INFO] IPUIPlugin:80 - create IPUIPlugin
2024-12-13 10:27:40,204 [INFO] PluginManager:220 - loadIPPluginJar : add mdma
2024-12-13 10:27:40,213 [INFO] IPUIPlugin:80 - create IPUIPlugin
2024-12-13 10:27:40,213 [INFO] PluginManager:220 - loadIPPluginJar : add nvic
2024-12-13 10:27:40,239 [INFO] IPUIPlugin:80 - create IPUIPlugin
2024-12-13 10:27:40,239 [INFO] PluginManager:220 - loadIPPluginJar : add opamp
2024-12-13 10:27:40,278 [INFO] IPUIPlugin:80 - create IPUIPlugin
2024-12-13 10:27:40,278 [INFO] PluginManager:220 - loadIPPluginJar : add openamp
2024-12-13 10:27:40,308 [INFO] IPUIPlugin:80 - create IPUIPlugin
2024-12-13 10:27:40,308 [INFO] PluginManager:220 - loadIPPluginJar : add pdm2pcm
2024-12-13 10:27:40,319 [INFO] IPUIPlugin:80 - create IPUIPlugin
2024-12-13 10:27:40,320 [INFO] PluginManager:220 - loadIPPluginJar : add plateformsettings
2024-12-13 10:27:40,338 [INFO] IPUIPlugin:80 - create IPUIPlugin
2024-12-13 10:27:40,338 [INFO] PluginManager:220 - loadIPPluginJar : add quadspi
2024-12-13 10:27:40,357 [INFO] IPUIPlugin:80 - create IPUIPlugin
2024-12-13 10:27:40,357 [INFO] PluginManager:220 - loadIPPluginJar : add radio
2024-12-13 10:27:40,368 [INFO] IPUIPlugin:80 - create IPUIPlugin
2024-12-13 10:27:40,368 [INFO] PluginManager:220 - loadIPPluginJar : add resmgrutility
2024-12-13 10:27:40,406 [INFO] IPUIPlugin:80 - create IPUIPlugin
2024-12-13 10:27:40,406 [INFO] PluginManager:220 - loadIPPluginJar : add sai
2024-12-13 10:27:40,434 [INFO] IPUIPlugin:80 - create IPUIPlugin
2024-12-13 10:27:40,434 [INFO] PluginManager:220 - loadIPPluginJar : add spi
2024-12-13 10:27:40,483 [INFO] IPUIPlugin:80 - create IPUIPlugin
2024-12-13 10:27:40,483 [INFO] PluginManager:220 - loadIPPluginJar : add stm32_wpan
2024-12-13 10:27:40,502 [INFO] IPUIPlugin:80 - create IPUIPlugin
2024-12-13 10:27:40,502 [INFO] PluginManager:220 - loadIPPluginJar : add tim
2024-12-13 10:27:40,546 [INFO] IPUIPlugin:80 - create IPUIPlugin
2024-12-13 10:27:40,546 [INFO] PluginManager:220 - loadIPPluginJar : add touchsensing
2024-12-13 10:27:40,564 [INFO] IPUIPlugin:80 - create IPUIPlugin
2024-12-13 10:27:40,564 [INFO] PluginManager:220 - loadIPPluginJar : add tracer_emb
2024-12-13 10:27:40,582 [INFO] IPUIPlugin:80 - create IPUIPlugin
2024-12-13 10:27:40,582 [INFO] PluginManager:220 - loadIPPluginJar : add ts
2024-12-13 10:27:40,598 [INFO] IPUIPlugin:80 - create IPUIPlugin
2024-12-13 10:27:40,598 [INFO] PluginManager:220 - loadIPPluginJar : add tsc
2024-12-13 10:27:40,615 [INFO] IPUIPlugin:80 - create IPUIPlugin
2024-12-13 10:27:40,615 [INFO] PluginManager:220 - loadIPPluginJar : add ucpd
2024-12-13 10:27:40,647 [INFO] IPUIPlugin:80 - create IPUIPlugin
2024-12-13 10:27:40,647 [INFO] PluginManager:220 - loadIPPluginJar : add usart
2024-12-13 10:27:40,676 [INFO] IPUIPlugin:80 - create IPUIPlugin
2024-12-13 10:27:40,676 [INFO] PluginManager:220 - loadIPPluginJar : add usbx
2024-12-13 10:27:40,783 [FATAL] Updater:351 - Updater called before beeing initialized
2024-12-13 10:27:40,799 [INFO] RulesReader:64 - Compatibility file has been processed (297 Rules)
2024-12-13 10:27:40,805 [INFO] RulesReader:64 - Compatibility file has been processed (297 Rules)
2024-12-13 10:27:40,810 [INFO] CADModel:165 - CPN selected for project level
2024-12-13 10:27:40,810 [INFO] CADModel:114 - Register for checkConnection events
2024-12-13 10:27:40,810 [FATAL] Updater:351 - Updater called before beeing initialized
2024-12-13 10:27:40,810 [ERROR] CADModel:125 - Updater not yet initialized, retry later 
2024-12-13 10:27:40,912 [FATAL] Updater:351 - Updater called before beeing initialized
2024-12-13 10:27:40,913 [INFO] CADModel:165 - CPN selected for project level
2024-12-13 10:27:40,913 [INFO] CADModel:114 - Register for checkConnection events
2024-12-13 10:27:40,913 [FATAL] Updater:351 - Updater called before beeing initialized
2024-12-13 10:27:40,913 [ERROR] CADModel:125 - Updater not yet initialized, retry later 
2024-12-13 10:27:40,915 [FATAL] Updater:351 - Updater called before beeing initialized
2024-12-13 10:27:40,996 [FATAL] Updater:351 - Updater called before beeing initialized
2024-12-13 10:27:41,004 [INFO] DbMcusAds:53 - JSON generation date=Fri Sep 20 16:04:23 EEST 2024 (1726837463113)
2024-12-13 10:27:41,004 [FATAL] Updater:351 - Updater called before beeing initialized
2024-12-13 10:27:41,030 [WARN] DetailPanel:346 - Failed to get advertising image, set to default
2024-12-13 10:27:41,188 [FATAL] Updater:351 - Updater called before beeing initialized
2024-12-13 10:27:41,190 [FATAL] Updater:351 - Updater called before beeing initialized
2024-12-13 10:27:41,190 [FATAL] Updater:351 - Updater called before beeing initialized
2024-12-13 10:27:41,190 [WARN] DetailPanel:346 - Failed to get advertising image, set to default
2024-12-13 10:27:41,190 [FATAL] Updater:351 - Updater called before beeing initialized
2024-12-13 10:27:41,229 [ERROR] Updater:1198 - MainUpdater not yet initialized. External WinMGr cannot be set.
2024-12-13 10:27:41,235 [INFO] Updater:1134 - Updater Version found : 6.13.0
2024-12-13 10:27:41,246 [INFO] ApplicationProperties:184 - Using Application install path: C:\ST\STM32CubeIDE_1.17.0\STM32CubeIDE\plugins\com.st.stm32cube.common.mx_6.13.0.202411220809
2024-12-13 10:27:41,979 [INFO] ThirdPartyUpdaterWithRetryManager:70 - Updater plugin not ready yet. [2/15]
2024-12-13 10:27:42,812 [ERROR] LogOutputStream:75 - [STDERR_REDIRECT] Dec 13, 2024 10:27:42 AM java.util.prefs.WindowsPreferences <init>
2024-12-13 10:27:42,813 [ERROR] LogOutputStream:75 - [STDERR_REDIRECT] WARNING: Could not open/create prefs root node Software\JavaSoft\Prefs at root 0xffffffff80000002. Windows RegCreateKeyEx(...) returned error code 5.
2024-12-13 10:27:42,813 [ERROR] LogOutputStream:75 - [STDERR_REDIRECT] 
2024-12-13 10:27:43,006 [INFO] MainUpdater:2872 - connection check result : 10
2024-12-13 10:27:43,007 [INFO] MainUpdater:289 - Updater Check For Update Now.
2024-12-13 10:27:43,007 [INFO] MicroXplorer:498 - Change Database Version : DB.6.0.130
2024-12-13 10:27:43,020 [INFO] McuFinderGlobals:63 - Set McuFinder mode to 2 (CubeIDE integrated)
2024-12-13 10:27:43,025 [INFO] UserAuth:486 - Internet connection configuration mode: 1
2024-12-13 10:27:43,045 [INFO] JxBrowserEngine:152 - Initiate JxBrowser Engine with user profile folder
2024-12-13 10:27:43,200 [INFO] CheckServerUpdateThread:120 - End of CheckServer Thread
2024-12-13 10:27:43,700 [INFO] WebApp:168 - Instantiating new browser for Auth
2024-12-13 10:27:44,168 [INFO] WebApp:449 - Apply proxy settings
2024-12-13 10:27:44,168 [INFO] WebApp:534 - Chromium requires no authentication
2024-12-13 10:27:44,175 [INFO] WebApp:477 - Direct internet connection detected
2024-12-13 10:27:44,192 [INFO] WebApp:880 - Register for checkConnection events
2024-12-13 10:27:44,192 [INFO] WebApp:449 - Apply proxy settings
2024-12-13 10:27:44,192 [INFO] WebApp:534 - Chromium requires no authentication
2024-12-13 10:27:44,192 [INFO] WebApp:477 - Direct internet connection detected
2024-12-13 10:27:44,296 [INFO] WebApp:221 - Starting web application
2024-12-13 10:27:44,296 [INFO] WebApp:579 - Web application path used C:\ST\STM32CubeIDE_1.17.0\STM32CubeIDE\plugins\com.st.stm32cube.common.mx_6.13.0.202411220809\db\plugins\mcufinder\reactClient1\index.html
2024-12-13 10:27:44,397 [INFO] UserAuth:486 - Internet connection configuration mode: 1
2024-12-13 10:27:44,459 [INFO] WebApp:187 - Connection restablished
2024-12-13 10:27:45,184 [WARN] PackLoader:240 - Cannot read IP mode file for STMicroelectronics.FP-SNS-MOTENVWB1.1.4.0
2024-12-13 10:27:45,197 [WARN] PackLoader:240 - Cannot read IP mode file for STMicroelectronics.FP-ATR-ASTRA1.2.0.1
2024-12-13 10:27:45,210 [WARN] PackLoader:240 - Cannot read IP mode file for STMicroelectronics.X-CUBE-SMBUS.2.1.0
2024-12-13 10:27:45,224 [WARN] PackLoader:240 - Cannot read IP mode file for STMicroelectronics.X-CUBE-WB05N.1.1.0
2024-12-13 10:27:45,253 [WARN] PackLoader:240 - Cannot read IP mode file for STMicroelectronics.X-CUBE-AZRTOS-F7.1.1.0
2024-12-13 10:27:45,304 [WARN] PackLoader:240 - Cannot read IP mode file for STMicroelectronics.X-CUBE-MEMS1.11.0.0
2024-12-13 10:27:45,391 [WARN] PackLoader:240 - Cannot read IP mode file for STMicroelectronics.FP-SNS-FLIGHT1.5.0.2
2024-12-13 10:27:45,407 [WARN] PackLoader:240 - Cannot read IP mode file for STMicroelectronics.X-CUBE-DISPLAY.3.0.0
2024-12-13 10:27:45,422 [WARN] PackLoader:240 - Cannot read IP mode file for STMicroelectronics.X-CUBE-BLE1.7.0.0
2024-12-13 10:27:45,435 [WARN] PackLoader:240 - Cannot read IP mode file for STMicroelectronics.X-CUBE-NFC10.1.0.0
2024-12-13 10:27:45,449 [WARN] PackLoader:240 - Cannot read IP mode file for STMicroelectronics.X-CUBE-BLEMGR.4.0.0
2024-12-13 10:27:45,460 [WARN] PackLoader:240 - Cannot read IP mode file for emotas.I-CUBE-CANOPEN.1.3.0
2024-12-13 10:27:45,469 [WARN] PackLoader:240 - Cannot read IP mode file for STMicroelectronics.X-CUBE-BLEMGR.3.1.0
2024-12-13 10:27:45,480 [WARN] PackLoader:240 - Cannot read IP mode file for STMicroelectronics.FP-SNS-SMARTAG2.1.2.0
2024-12-13 10:27:45,493 [INFO] LogOutputStream:77 - [STDOUT_REDIRECT] 1 : Invalid condition id : UX_CORESTACK_Condition cause : null
2024-12-13 10:27:45,494 [INFO] LogOutputStream:77 - [STDOUT_REDIRECT] 1 : Invalid condition id : UX_CORESTACK_Condition cause : null
2024-12-13 10:27:45,494 [INFO] LogOutputStream:77 - [STDOUT_REDIRECT] 1 : Invalid condition id : UX_CORESTACK_Condition cause : null
2024-12-13 10:27:45,495 [INFO] LogOutputStream:77 - [STDOUT_REDIRECT] 1 : Invalid condition id : UX_CORESTACK_Condition cause : null
2024-12-13 10:27:45,495 [INFO] LogOutputStream:77 - [STDOUT_REDIRECT] 1 : Invalid condition id : UX_CORESTACK_Condition cause : null
2024-12-13 10:27:45,497 [WARN] PackLoader:240 - Cannot read IP mode file for STMicroelectronics.X-CUBE-AZRTOS-WL.2.0.0
2024-12-13 10:27:45,514 [WARN] PackLoader:240 - Cannot read IP mode file for STMicroelectronics.FP-SNS-MOTENV1.5.0.0
2024-12-13 10:27:45,529 [WARN] PackLoader:240 - Cannot read IP mode file for wolfSSL.I-CUBE-wolfMQTT.1.19.0
2024-12-13 10:27:45,547 [WARN] PackLoader:240 - Cannot read IP mode file for WES.I-CUBE-Cesium.1.3.0
2024-12-13 10:27:45,564 [WARN] PackLoader:240 - Cannot read IP mode file for STMicroelectronics.X-CUBE-BLE2.3.3.0
2024-12-13 10:27:45,584 [WARN] PackLoader:240 - Cannot read IP mode file for STMicroelectronics.X-CUBE-NFC9.1.0.0
2024-12-13 10:27:45,598 [WARN] PackLoader:240 - Cannot read IP mode file for STMicroelectronics.X-CUBE-TCPP.4.1.0
2024-12-13 10:27:45,619 [WARN] PackLoader:240 - Cannot read IP mode file for STMicroelectronics.X-CUBE-AZRTOS-G0.1.1.0
2024-12-13 10:27:45,634 [WARN] PackLoader:240 - Cannot read IP mode file for STMicroelectronics.X-CUBE-SAFEA1.1.2.2
2024-12-13 10:27:45,645 [WARN] PackLoader:240 - Cannot read IP mode file for STMicroelectronics.X-CUBE-NFC4.3.0.0
2024-12-13 10:27:45,660 [WARN] PackLoader:240 - Cannot read IP mode file for EmbeddedOffice.I-CUBE-FS-RTOS.1.0.1
2024-12-13 10:27:45,671 [WARN] PackLoader:240 - Cannot read IP mode file for RealThread.X-CUBE-RT-Thread_Nano.4.1.1
2024-12-13 10:27:45,681 [WARN] PackLoader:240 - Cannot read IP mode file for STMicroelectronics.FP-ATR-SIGFOX1.3.2.0
2024-12-13 10:27:45,689 [WARN] PackLoader:240 - Cannot read IP mode file for wolfSSL.I-CUBE-wolfSSL.5.7.2
2024-12-13 10:27:45,697 [WARN] ConditionMgr:438 - getConditionDescription Invalid condition id : Cortex-A Device cause : null
2024-12-13 10:27:45,711 [WARN] ConditionMgr:1044 - genDependencies : Invalid condition id : Cortex-A Device cause : null
2024-12-13 10:27:45,711 [WARN] ConditionMgr:1044 - genDependencies : Invalid condition id : Cortex-A Device cause : null
2024-12-13 10:27:45,711 [WARN] ConditionMgr:1044 - genDependencies : Invalid condition id : Cortex-A Device cause : null
2024-12-13 10:27:45,720 [WARN] PackLoader:240 - Cannot read IP mode file for STMicroelectronics.X-CUBE-EEPRMA1.5.1.0
2024-12-13 10:27:45,731 [WARN] PackLoader:240 - Cannot read IP mode file for ITTIA_DB.I-CUBE-ITTIADB.8.9.0
2024-12-13 10:27:45,750 [WARN] PackLoader:240 - Cannot read IP mode file for SEGGER.I-CUBE-embOS.1.3.1
2024-12-13 10:27:45,780 [WARN] PackLoader:240 - Cannot read IP mode file for STMicroelectronics.X-CUBE-ALGOBUILD.1.4.0
2024-12-13 10:27:45,792 [WARN] PackLoader:240 - Cannot read IP mode file for STMicroelectronics.X-CUBE-AI.9.1.0
2024-12-13 10:27:45,810 [WARN] PackLoader:240 - Cannot read IP mode file for STMicroelectronics.X-CUBE-AZRTOS-F4.1.1.0
2024-12-13 10:27:45,821 [WARN] PackLoader:240 - Cannot read IP mode file for STMicroelectronics.X-CUBE-ISPU.2.1.0
2024-12-13 10:27:45,831 [WARN] PackLoader:240 - Cannot read IP mode file for STMicroelectronics.X-CUBE-FREERTOS.1.2.0
2024-12-13 10:27:45,851 [WARN] PackLoader:240 - Cannot read IP mode file for STMicroelectronics.X-CUBE-AZRTOS-L5.2.0.0
2024-12-13 10:27:45,866 [WARN] PackLoader:240 - Cannot read IP mode file for STMicroelectronics.X-CUBE-NFC6.3.1.0
2024-12-13 10:27:45,879 [WARN] PackLoader:240 - Cannot read IP mode file for STMicroelectronics.X-CUBE-DPower.1.2.0
2024-12-13 10:27:45,891 [WARN] PackLoader:240 - Cannot read IP mode file for STMicroelectronics.X-CUBE-NFC7.1.0.1
2024-12-13 10:27:45,910 [WARN] ConditionMgr:438 - getConditionDescription Invalid condition id : LAN8742 Phy interface Condition cause : null
2024-12-13 10:27:45,910 [WARN] PackLoader:240 - Cannot read IP mode file for STMicroelectronics.X-CUBE-AZRTOS-L4.2.0.0
2024-12-13 10:27:45,911 [WARN] ConditionMgr:1044 - genDependencies : Invalid condition id : LAN8742 Phy interface Condition cause : null
2024-12-13 10:27:45,911 [WARN] ConditionMgr:1044 - genDependencies : Invalid condition id : LAN8742 Phy interface Condition cause : null
2024-12-13 10:27:45,911 [WARN] ConditionMgr:1044 - genDependencies : Invalid condition id : LAN8742 Phy interface Condition cause : null
2024-12-13 10:27:45,924 [WARN] PackLoader:240 - Cannot read IP mode file for STMicroelectronics.X-CUBE-SFXS2LP1.4.0.0
2024-12-13 10:27:45,947 [WARN] PackLoader:240 - Cannot read IP mode file for STMicroelectronics.X-CUBE-AZRTOS-H7.3.3.0
2024-12-13 10:27:45,960 [WARN] PackLoader:240 - Cannot read IP mode file for STMicroelectronics.X-CUBE-IPS.3.0.0
2024-12-13 10:27:45,977 [WARN] ConditionMgr:438 - getConditionDescription Invalid condition id : UX DEVICE CLASS RTOS Condition cause : null
2024-12-13 10:27:45,977 [WARN] ConditionMgr:438 - getConditionDescription Invalid condition id : UX DEVICE CLASS RTOS Condition cause : null
2024-12-13 10:27:45,978 [WARN] PackLoader:240 - Cannot read IP mode file for STMicroelectronics.X-CUBE-AZRTOS-WB.2.0.0
2024-12-13 10:27:45,978 [WARN] ConditionMgr:1044 - genDependencies : Invalid condition id : UX DEVICE CLASS RTOS Condition cause : null
2024-12-13 10:27:45,978 [WARN] ConditionMgr:1044 - genDependencies : Invalid condition id : UX DEVICE CLASS RTOS Condition cause : null
2024-12-13 10:27:45,979 [WARN] ConditionMgr:1044 - genDependencies : Invalid condition id : UX DEVICE CLASS RTOS Condition cause : null
2024-12-13 10:27:45,979 [WARN] ConditionMgr:1044 - genDependencies : Invalid condition id : UX DEVICE CLASS RTOS Condition cause : null
2024-12-13 10:27:45,979 [WARN] ConditionMgr:1044 - genDependencies : Invalid condition id : UX DEVICE CLASS RTOS Condition cause : null
2024-12-13 10:27:45,990 [WARN] PackLoader:240 - Cannot read IP mode file for STMicroelectronics.X-CUBE-GNSS1.7.0.0
2024-12-13 10:27:46,002 [WARN] PackLoader:240 - Cannot read IP mode file for STMicroelectronics.FP-SNS-STBOX1.2.0.0
2024-12-13 10:27:46,018 [WARN] PackLoader:240 - Cannot read IP mode file for STMicroelectronics.X-CUBE-SUBG2.5.0.0
2024-12-13 10:27:46,030 [WARN] PackLoader:240 - Cannot read IP mode file for Cesanta.I-CUBE-Mongoose.7.13.0
2024-12-13 10:27:46,046 [WARN] PackLoader:240 - Cannot read IP mode file for STMicroelectronics.X-CUBE-AZRTOS-G4.2.0.0
2024-12-13 10:27:46,056 [WARN] PackLoader:240 - Cannot read IP mode file for STMicroelectronics.X-CUBE-ALS.1.0.2
2024-12-13 10:27:46,066 [WARN] PackLoader:240 - Cannot read IP mode file for STMicroelectronics.X-CUBE-TOUCHGFX.4.24.1
2024-12-13 10:27:46,075 [WARN] PackLoader:240 - Cannot read IP mode file for wolfSSL.I-CUBE-wolfTPM.3.4.0
2024-12-13 10:27:46,085 [WARN] PackLoader:240 - Cannot read IP mode file for portGmbH.I-Cube-SoM-uGOAL.1.1.0
2024-12-13 10:27:46,103 [WARN] PackLoader:240 - Cannot read IP mode file for STMicroelectronics.X-CUBE-AZRTOS-H7RS.1.0.0
2024-12-13 10:27:46,114 [WARN] PackLoader:240 - Cannot read IP mode file for STMicroelectronics.FP-ATR-ASTRA1.2.0.0
2024-12-13 10:27:46,132 [WARN] PackLoader:240 - Cannot read IP mode file for STMicroelectronics.X-CUBE-TOF1.3.4.2
2024-12-13 10:27:46,159 [WARN] PackLoader:240 - Cannot read IP mode file for Infineon.AIROC-Wi-Fi-Bluetooth-STM32.1.6.1
2024-12-13 10:27:46,170 [WARN] PackLoader:240 - Cannot read IP mode file for wolfSSL.I-CUBE-wolfSSH.1.4.17
2024-12-13 10:27:46,170 [INFO] ThirdParty:978 - Integrity check success = true
2024-12-13 10:27:46,170 [INFO] IntegrityCheckThread:100 - exiting critical section [integrity check]
2024-12-13 10:27:46,170 [INFO] IntegrityCheckThread:103 - End integrity checks thread
2024-12-13 10:57:00,722 [ERROR] LogOutputStream:75 - [STDERR_REDIRECT] 
2024-12-13 16:06:15,501 [INFO] Activator:176 - 


2024-12-13 16:06:15,503 [INFO] Activator:177 - !SESSION log4j initialized
2024-12-13 16:06:19,059 [INFO] LogOutputStream:77 - [STDOUT_REDIRECT] 
2024-12-13 16:06:20,229 [INFO] ApplicationProperties:184 - Using Application install path: C:\ST\STM32CubeIDE_1.17.0\STM32CubeIDE\plugins\com.st.stm32cube.common.mx_6.13.0.202411220809
2024-12-13 16:06:20,241 [INFO] DbMcusXml:78 - Set database path to: C:\ST\STM32CubeIDE_1.17.0\STM32CubeIDE\plugins\com.st.stm32cube.common.mx_6.13.0.202411220809\\db\/mcu/
2024-12-13 16:06:20,241 [INFO] ApiDb:274 - Set plugin database path to: C:\ST\STM32CubeIDE_1.17.0\STM32CubeIDE\plugins\com.st.stm32cube.common.mx_6.13.0.202411220809\\db\/plugins/boardmanager/
2024-12-13 16:06:20,241 [WARN] ApiDb:259 - Overriding images path with different value:  => C:\ST\STM32CubeIDE_1.17.0\STM32CubeIDE\plugins\com.st.stm32cube.common.mx_6.13.0.202411220809\\db\/plugins/mcufinder/images/
2024-12-13 16:06:20,246 [INFO] ApiDb:250 - Set database path to: C:\Users\Neko\.stmcufinder\plugins\mcufinder//mcu/
2024-12-13 16:06:20,246 [INFO] DbMcusAds:125 - Set database path to: C:\Users\Neko\.stmcufinder\plugins\mcufinder//mcu/
2024-12-13 16:06:20,248 [INFO] CrossReferenceDbSqlite:203 - Set database path to: C:\Users\Neko\.stmcufinder\plugins\mcufinder//mcu/cs/
2024-12-13 16:06:20,312 [INFO] RulesReader:64 - Compatibility file has been processed (297 Rules)
2024-12-13 16:06:20,365 [INFO] DbMcusXml:78 - Set database path to: C:\ST\STM32CubeIDE_1.17.0\STM32CubeIDE\plugins\com.st.stm32cube.common.mx_6.13.0.202411220809\\db\/mcu/
2024-12-13 16:06:20,365 [INFO] ApiDb:274 - Set plugin database path to: C:\ST\STM32CubeIDE_1.17.0\STM32CubeIDE\plugins\com.st.stm32cube.common.mx_6.13.0.202411220809\\db\/plugins/boardmanager/
2024-12-13 16:06:20,365 [INFO] ApiDb:261 - Set plugin images path to: C:\ST\STM32CubeIDE_1.17.0\STM32CubeIDE\plugins\com.st.stm32cube.common.mx_6.13.0.202411220809\\db\/plugins/mcufinder/images/
2024-12-13 16:06:20,365 [WARN] DbFile:41 - Overriding database path with different value: C:\Users\Neko\.stmcufinder\plugins\mcufinder/ => C:\Users\Neko\.stmcufinder\plugins\mcufinder
2024-12-13 16:06:20,365 [INFO] ApiDb:250 - Set database path to: C:\Users\Neko\.stmcufinder\plugins\mcufinder//mcu/
2024-12-13 16:06:20,365 [WARN] DbFile:41 - Overriding database path with different value: C:\Users\Neko\.stmcufinder\plugins\mcufinder/ => C:\Users\Neko\.stmcufinder\plugins\mcufinder
2024-12-13 16:06:20,365 [INFO] DbMcusAds:125 - Set database path to: C:\Users\Neko\.stmcufinder\plugins\mcufinder//mcu/
2024-12-13 16:06:20,365 [WARN] DbFile:41 - Overriding database path with different value: C:\Users\Neko\.stmcufinder\plugins\mcufinder/ => C:\Users\Neko\.stmcufinder\plugins\mcufinder
2024-12-13 16:06:20,365 [WARN] DbFile:41 - Overriding database path with different value: C:\Users\Neko\.stmcufinder\plugins\mcufinder/ => C:\Users\Neko\.stmcufinder\plugins\mcufinder
2024-12-13 16:06:20,365 [INFO] CrossReferenceDbSqlite:203 - Set database path to: C:\Users\Neko\.stmcufinder\plugins\mcufinder//mcu/cs/
2024-12-13 16:06:20,413 [INFO] MainPanel:272 - HeapMemory: 268435456
2024-12-13 16:06:20,481 [INFO] DbMcusXml:78 - Set database path to: C:\ST\STM32CubeIDE_1.17.0\STM32CubeIDE\plugins\com.st.stm32cube.common.mx_6.13.0.202411220809\\db\/mcu/
2024-12-13 16:06:20,481 [INFO] ApiDb:274 - Set plugin database path to: C:\ST\STM32CubeIDE_1.17.0\STM32CubeIDE\plugins\com.st.stm32cube.common.mx_6.13.0.202411220809\\db\/plugins/boardmanager/
2024-12-13 16:06:20,481 [INFO] ApiDb:261 - Set plugin images path to: C:\ST\STM32CubeIDE_1.17.0\STM32CubeIDE\plugins\com.st.stm32cube.common.mx_6.13.0.202411220809\\db\/plugins/mcufinder/images/
2024-12-13 16:06:20,481 [WARN] DbFile:41 - Overriding database path with different value: C:\Users\Neko\.stmcufinder\plugins\mcufinder/ => C:\Users\Neko\.stmcufinder\plugins\mcufinder
2024-12-13 16:06:20,481 [INFO] ApiDb:250 - Set database path to: C:\Users\Neko\.stmcufinder\plugins\mcufinder//mcu/
2024-12-13 16:06:20,482 [WARN] DbFile:41 - Overriding database path with different value: C:\Users\Neko\.stmcufinder\plugins\mcufinder/ => C:\Users\Neko\.stmcufinder\plugins\mcufinder
2024-12-13 16:06:20,482 [INFO] DbMcusAds:125 - Set database path to: C:\Users\Neko\.stmcufinder\plugins\mcufinder//mcu/
2024-12-13 16:06:20,482 [WARN] DbFile:41 - Overriding database path with different value: C:\Users\Neko\.stmcufinder\plugins\mcufinder/ => C:\Users\Neko\.stmcufinder\plugins\mcufinder
2024-12-13 16:06:20,482 [WARN] DbFile:41 - Overriding database path with different value: C:\Users\Neko\.stmcufinder\plugins\mcufinder/ => C:\Users\Neko\.stmcufinder\plugins\mcufinder
2024-12-13 16:06:20,482 [INFO] CrossReferenceDbSqlite:203 - Set database path to: C:\Users\Neko\.stmcufinder\plugins\mcufinder//mcu/cs/
2024-12-13 16:06:20,494 [INFO] ApplicationProperties:184 - Using Application install path: C:\ST\STM32CubeIDE_1.17.0\STM32CubeIDE\plugins\com.st.stm32cube.common.mx_6.13.0.202411220809
2024-12-13 16:06:20,494 [INFO] PluginManage:196 - Search for loadable plugins [exclusion list=, ]
2024-12-13 16:06:20,495 [INFO] PluginManage:310 - Check plugin analytics
2024-12-13 16:06:20,592 [INFO] AnalyticsPlugin:253 - Accepted Software Licenses: 
2024-12-13 16:06:20,592 [INFO] AnalyticsPlugin:255 - Accepted CMSIS Pack Licenses: 
2024-12-13 16:06:20,593 [INFO] AnalyticsPlugin:257 - Accepted Firmware Licenses: FW.F4.1.28.0
2024-12-13 16:06:20,594 [INFO] PluginManage:359 - Loaded plugin analytics (category:tool,tabindex:-1)
2024-12-13 16:06:20,594 [INFO] PluginManage:310 - Check plugin cadmodel
2024-12-13 16:06:20,598 [INFO] CADModel:105 - Init CAD model plugin
2024-12-13 16:06:20,598 [INFO] PluginManage:359 - Loaded plugin cadmodel (category:power,tabindex:5)
2024-12-13 16:06:20,598 [INFO] PluginManage:310 - Check plugin clock
2024-12-13 16:06:20,605 [INFO] PluginManage:359 - Loaded plugin clock (category:base,tabindex:2)
2024-12-13 16:06:20,605 [INFO] PluginManage:310 - Check plugin ddr
2024-12-13 16:06:20,606 [INFO] PluginManage:359 - Loaded plugin ddr (category:tool,tabindex:6)
2024-12-13 16:06:20,606 [INFO] PluginManage:310 - Check plugin filemanager
2024-12-13 16:06:20,704 [INFO] PluginManage:359 - Loaded plugin filemanager (category:base,tabindex:10)
2024-12-13 16:06:20,704 [INFO] PluginManage:310 - Check plugin ipmanager
2024-12-13 16:06:20,709 [INFO] PluginManage:359 - Loaded plugin ipmanager (category:base,tabindex:5)
2024-12-13 16:06:20,709 [INFO] PluginManage:310 - Check plugin lpbam
2024-12-13 16:06:20,714 [INFO] PluginManage:359 - Loaded plugin lpbam (category:base,tabindex:0)
2024-12-13 16:06:20,714 [INFO] PluginManage:310 - Check plugin memorymap
2024-12-13 16:06:20,723 [INFO] PluginManage:359 - Loaded plugin memorymap (category:base,tabindex:4)
2024-12-13 16:06:20,723 [INFO] PluginManage:310 - Check plugin pinoutandconfiguration
2024-12-13 16:06:20,729 [INFO] PluginManage:359 - Loaded plugin pinoutandconfiguration (category:base,tabindex:1)
2024-12-13 16:06:20,729 [INFO] PluginManage:310 - Check plugin pinoutconfig
2024-12-13 16:06:20,784 [WARN] SupportedApi:132 - Cannot load RTOS API schema: s4s-elt-must-match.1: The content of 'definitions' must match (annotation?, (simpleType | complexType)?, (unique | key | keyref)*)). A problem was found starting at: attribute.
2024-12-13 16:06:20,866 [INFO] PluginManage:359 - Loaded plugin pinoutconfig (category:base,tabindex:0)
2024-12-13 16:06:20,866 [INFO] PluginManage:310 - Check plugin power
2024-12-13 16:06:20,873 [INFO] PluginManage:359 - Loaded plugin power (category:power,tabindex:4)
2024-12-13 16:06:20,873 [INFO] PluginManage:310 - Check plugin projectmanager
2024-12-13 16:06:20,883 [INFO] PluginManage:359 - Loaded plugin projectmanager (category:projectmanager,tabindex:4)
2024-12-13 16:06:20,883 [INFO] PluginManage:310 - Check plugin rif
2024-12-13 16:06:20,888 [INFO] PluginManage:359 - Loaded plugin rif (category:base,tabindex:3)
2024-12-13 16:06:20,888 [INFO] PluginManage:310 - Check plugin thirdparty
2024-12-13 16:06:20,971 [INFO] PluginManage:359 - Loaded plugin thirdparty (category:base,tabindex:-1)
2024-12-13 16:06:20,971 [WARN] IntegrityCheckThread:84 - waiting for thirdparty lock release [integrity check]
2024-12-13 16:06:20,971 [INFO] IntegrityCheckThread:86 - entering critical section [integrity check]
2024-12-13 16:06:20,971 [INFO] PluginManage:310 - Check plugin tools
2024-12-13 16:06:20,971 [INFO] ThirdPartyUpdaterWithRetryManager:70 - Updater plugin not ready yet. [1/15]
2024-12-13 16:06:20,973 [INFO] PluginManage:359 - Loaded plugin tools (category:base,tabindex:7)
2024-12-13 16:06:20,973 [INFO] PluginManage:310 - Check plugin tutovideos
2024-12-13 16:06:21,090 [INFO] PluginManage:359 - Loaded plugin tutovideos (category:base,tabindex:-1)
2024-12-13 16:06:21,090 [INFO] PluginManage:310 - Check plugin updater
2024-12-13 16:06:21,105 [INFO] PluginManage:359 - Loaded plugin updater (category:base,tabindex:12)
2024-12-13 16:06:21,105 [INFO] PluginManage:310 - Check plugin userauth
2024-12-13 16:06:21,108 [INFO] UserAuth:118 - Init User Auth plugin
2024-12-13 16:06:21,108 [INFO] PluginManage:359 - Loaded plugin userauth (category:base,tabindex:14)
2024-12-13 16:06:21,109 [INFO] PluginManage:283 - PluginManage : Loaded plugins [18]
2024-12-13 16:06:21,243 [INFO] PinOutPanel:1589 - setPackage(No Configuration,No Configuration)
2024-12-13 16:06:21,298 [INFO] CADModel:165 - CPN selected for project level
2024-12-13 16:06:21,298 [INFO] CADModel:114 - Register for checkConnection events
2024-12-13 16:06:21,310 [INFO] IPUIPlugin:80 - create IPUIPlugin
2024-12-13 16:06:21,310 [INFO] PluginManager:220 - loadIPPluginJar : add adc
2024-12-13 16:06:21,312 [INFO] IPUIPlugin:80 - create IPUIPlugin
2024-12-13 16:06:21,312 [INFO] PluginManager:220 - loadIPPluginJar : add aes
2024-12-13 16:06:21,314 [INFO] IPUIPlugin:80 - create IPUIPlugin
2024-12-13 16:06:21,314 [INFO] PluginManager:220 - loadIPPluginJar : add can
2024-12-13 16:06:21,315 [INFO] IPUIPlugin:80 - create IPUIPlugin
2024-12-13 16:06:21,315 [INFO] PluginManager:220 - loadIPPluginJar : add comp
2024-12-13 16:06:21,317 [INFO] IPUIPlugin:80 - create IPUIPlugin
2024-12-13 16:06:21,317 [INFO] PluginManager:220 - loadIPPluginJar : add cryp
2024-12-13 16:06:21,319 [INFO] IPUIPlugin:80 - create IPUIPlugin
2024-12-13 16:06:21,319 [INFO] PluginManager:220 - loadIPPluginJar : add ddr_ctrl_phy
2024-12-13 16:06:21,320 [INFO] IPUIPlugin:80 - create IPUIPlugin
2024-12-13 16:06:21,321 [INFO] PluginManager:220 - loadIPPluginJar : add dfsdm
2024-12-13 16:06:21,324 [INFO] IPUIPlugin:80 - create IPUIPlugin
2024-12-13 16:06:21,324 [INFO] PluginManager:220 - loadIPPluginJar : add dma
2024-12-13 16:06:21,326 [INFO] IPUIPlugin:80 - create IPUIPlugin
2024-12-13 16:06:21,326 [INFO] PluginManager:220 - loadIPPluginJar : add dma3
2024-12-13 16:06:21,328 [INFO] IPUIPlugin:80 - create IPUIPlugin
2024-12-13 16:06:21,328 [INFO] PluginManager:220 - loadIPPluginJar : add extmemmanager
2024-12-13 16:06:21,329 [INFO] IPUIPlugin:80 - create IPUIPlugin
2024-12-13 16:06:21,329 [INFO] PluginManager:220 - loadIPPluginJar : add fatfs
2024-12-13 16:06:21,331 [INFO] IPUIPlugin:80 - create IPUIPlugin
2024-12-13 16:06:21,331 [INFO] PluginManager:220 - loadIPPluginJar : add fmc
2024-12-13 16:06:21,335 [INFO] IPUIPlugin:80 - create IPUIPlugin
2024-12-13 16:06:21,335 [INFO] PluginManager:220 - loadIPPluginJar : add freertos
2024-12-13 16:06:21,336 [INFO] IPUIPlugin:80 - create IPUIPlugin
2024-12-13 16:06:21,336 [INFO] PluginManager:220 - loadIPPluginJar : add genericplugin
2024-12-13 16:06:21,337 [INFO] IPUIPlugin:80 - create IPUIPlugin
2024-12-13 16:06:21,337 [INFO] PluginManager:220 - loadIPPluginJar : add gfxmmu
2024-12-13 16:06:21,340 [INFO] IPUIPlugin:80 - create IPUIPlugin
2024-12-13 16:06:21,340 [INFO] PluginManager:220 - loadIPPluginJar : add gic
2024-12-13 16:06:21,343 [INFO] IPUIPlugin:80 - create IPUIPlugin
2024-12-13 16:06:21,343 [INFO] PluginManager:220 - loadIPPluginJar : add gpio
2024-12-13 16:06:21,345 [INFO] IPUIPlugin:80 - create IPUIPlugin
2024-12-13 16:06:21,345 [INFO] PluginManager:220 - loadIPPluginJar : add gtzc
2024-12-13 16:06:21,346 [INFO] IPUIPlugin:80 - create IPUIPlugin
2024-12-13 16:06:21,346 [INFO] PluginManager:220 - loadIPPluginJar : add hash
2024-12-13 16:06:21,348 [INFO] IPUIPlugin:80 - create IPUIPlugin
2024-12-13 16:06:21,348 [INFO] PluginManager:220 - loadIPPluginJar : add i2c
2024-12-13 16:06:21,350 [INFO] IPUIPlugin:80 - create IPUIPlugin
2024-12-13 16:06:21,350 [INFO] PluginManager:220 - loadIPPluginJar : add i2s
2024-12-13 16:06:21,352 [INFO] IPUIPlugin:80 - create IPUIPlugin
2024-12-13 16:06:21,352 [INFO] PluginManager:220 - loadIPPluginJar : add i3c
2024-12-13 16:06:21,354 [INFO] IPUIPlugin:80 - create IPUIPlugin
2024-12-13 16:06:21,354 [INFO] PluginManager:220 - loadIPPluginJar : add ipddr
2024-12-13 16:06:21,358 [INFO] IPUIPlugin:80 - create IPUIPlugin
2024-12-13 16:06:21,358 [INFO] PluginManager:220 - loadIPPluginJar : add linkedlist
2024-12-13 16:06:21,360 [INFO] IPUIPlugin:80 - create IPUIPlugin
2024-12-13 16:06:21,360 [INFO] PluginManager:220 - loadIPPluginJar : add lorawan
2024-12-13 16:06:21,360 [INFO] IPUIPlugin:80 - create IPUIPlugin
2024-12-13 16:06:21,361 [INFO] PluginManager:220 - loadIPPluginJar : add ltdc
2024-12-13 16:06:21,365 [INFO] IPUIPlugin:80 - create IPUIPlugin
2024-12-13 16:06:21,365 [INFO] PluginManager:220 - loadIPPluginJar : add mdma
2024-12-13 16:06:21,368 [INFO] IPUIPlugin:80 - create IPUIPlugin
2024-12-13 16:06:21,368 [INFO] PluginManager:220 - loadIPPluginJar : add nvic
2024-12-13 16:06:21,370 [INFO] IPUIPlugin:80 - create IPUIPlugin
2024-12-13 16:06:21,370 [INFO] PluginManager:220 - loadIPPluginJar : add opamp
2024-12-13 16:06:21,372 [INFO] IPUIPlugin:80 - create IPUIPlugin
2024-12-13 16:06:21,372 [INFO] PluginManager:220 - loadIPPluginJar : add openamp
2024-12-13 16:06:21,374 [INFO] IPUIPlugin:80 - create IPUIPlugin
2024-12-13 16:06:21,375 [INFO] PluginManager:220 - loadIPPluginJar : add pdm2pcm
2024-12-13 16:06:21,379 [INFO] IPUIPlugin:80 - create IPUIPlugin
2024-12-13 16:06:21,380 [INFO] PluginManager:220 - loadIPPluginJar : add plateformsettings
2024-12-13 16:06:21,382 [INFO] IPUIPlugin:80 - create IPUIPlugin
2024-12-13 16:06:21,382 [INFO] PluginManager:220 - loadIPPluginJar : add quadspi
2024-12-13 16:06:21,383 [INFO] IPUIPlugin:80 - create IPUIPlugin
2024-12-13 16:06:21,383 [INFO] PluginManager:220 - loadIPPluginJar : add radio
2024-12-13 16:06:21,386 [INFO] IPUIPlugin:80 - create IPUIPlugin
2024-12-13 16:06:21,386 [INFO] PluginManager:220 - loadIPPluginJar : add resmgrutility
2024-12-13 16:06:21,388 [INFO] IPUIPlugin:80 - create IPUIPlugin
2024-12-13 16:06:21,388 [INFO] PluginManager:220 - loadIPPluginJar : add sai
2024-12-13 16:06:21,389 [INFO] IPUIPlugin:80 - create IPUIPlugin
2024-12-13 16:06:21,389 [INFO] PluginManager:220 - loadIPPluginJar : add spi
2024-12-13 16:06:21,393 [INFO] IPUIPlugin:80 - create IPUIPlugin
2024-12-13 16:06:21,393 [INFO] PluginManager:220 - loadIPPluginJar : add stm32_wpan
2024-12-13 16:06:21,394 [INFO] IPUIPlugin:80 - create IPUIPlugin
2024-12-13 16:06:21,394 [INFO] PluginManager:220 - loadIPPluginJar : add tim
2024-12-13 16:06:21,396 [INFO] IPUIPlugin:80 - create IPUIPlugin
2024-12-13 16:06:21,396 [INFO] PluginManager:220 - loadIPPluginJar : add touchsensing
2024-12-13 16:06:21,398 [INFO] IPUIPlugin:80 - create IPUIPlugin
2024-12-13 16:06:21,398 [INFO] PluginManager:220 - loadIPPluginJar : add tracer_emb
2024-12-13 16:06:21,399 [INFO] IPUIPlugin:80 - create IPUIPlugin
2024-12-13 16:06:21,399 [INFO] PluginManager:220 - loadIPPluginJar : add ts
2024-12-13 16:06:21,400 [INFO] IPUIPlugin:80 - create IPUIPlugin
2024-12-13 16:06:21,400 [INFO] PluginManager:220 - loadIPPluginJar : add tsc
2024-12-13 16:06:21,402 [INFO] IPUIPlugin:80 - create IPUIPlugin
2024-12-13 16:06:21,402 [INFO] PluginManager:220 - loadIPPluginJar : add ucpd
2024-12-13 16:06:21,403 [INFO] IPUIPlugin:80 - create IPUIPlugin
2024-12-13 16:06:21,403 [INFO] PluginManager:220 - loadIPPluginJar : add usart
2024-12-13 16:06:21,405 [INFO] IPUIPlugin:80 - create IPUIPlugin
2024-12-13 16:06:21,405 [INFO] PluginManager:220 - loadIPPluginJar : add usbx
2024-12-13 16:06:21,514 [FATAL] Updater:351 - Updater called before beeing initialized
2024-12-13 16:06:21,530 [INFO] RulesReader:64 - Compatibility file has been processed (297 Rules)
2024-12-13 16:06:21,537 [INFO] RulesReader:64 - Compatibility file has been processed (297 Rules)
2024-12-13 16:06:21,543 [INFO] CADModel:165 - CPN selected for project level
2024-12-13 16:06:21,543 [INFO] CADModel:114 - Register for checkConnection events
2024-12-13 16:06:21,543 [FATAL] Updater:351 - Updater called before beeing initialized
2024-12-13 16:06:21,543 [ERROR] CADModel:125 - Updater not yet initialized, retry later 
2024-12-13 16:06:21,640 [FATAL] Updater:351 - Updater called before beeing initialized
2024-12-13 16:06:21,642 [INFO] CADModel:165 - CPN selected for project level
2024-12-13 16:06:21,642 [INFO] CADModel:114 - Register for checkConnection events
2024-12-13 16:06:21,642 [FATAL] Updater:351 - Updater called before beeing initialized
2024-12-13 16:06:21,642 [ERROR] CADModel:125 - Updater not yet initialized, retry later 
2024-12-13 16:06:21,644 [FATAL] Updater:351 - Updater called before beeing initialized
2024-12-13 16:06:21,715 [FATAL] Updater:351 - Updater called before beeing initialized
2024-12-13 16:06:21,718 [INFO] DbMcusAds:53 - JSON generation date=Fri Sep 20 16:04:23 EEST 2024 (1726837463113)
2024-12-13 16:06:21,718 [FATAL] Updater:351 - Updater called before beeing initialized
2024-12-13 16:06:21,741 [WARN] DetailPanel:346 - Failed to get advertising image, set to default
2024-12-13 16:06:21,919 [FATAL] Updater:351 - Updater called before beeing initialized
2024-12-13 16:06:21,921 [FATAL] Updater:351 - Updater called before beeing initialized
2024-12-13 16:06:21,921 [FATAL] Updater:351 - Updater called before beeing initialized
2024-12-13 16:06:21,921 [WARN] DetailPanel:346 - Failed to get advertising image, set to default
2024-12-13 16:06:21,922 [FATAL] Updater:351 - Updater called before beeing initialized
2024-12-13 16:06:21,953 [ERROR] Updater:1198 - MainUpdater not yet initialized. External WinMGr cannot be set.
2024-12-13 16:06:21,954 [INFO] Updater:1134 - Updater Version found : 6.13.0
2024-12-13 16:06:21,965 [INFO] ApplicationProperties:184 - Using Application install path: C:\ST\STM32CubeIDE_1.17.0\STM32CubeIDE\plugins\com.st.stm32cube.common.mx_6.13.0.202411220809
2024-12-13 16:06:23,533 [ERROR] LogOutputStream:75 - [STDERR_REDIRECT] Dec 13, 2024 4:06:23 PM java.util.prefs.WindowsPreferences <init>
2024-12-13 16:06:23,534 [ERROR] LogOutputStream:75 - [STDERR_REDIRECT] WARNING: Could not open/create prefs root node Software\JavaSoft\Prefs at root 0xffffffff80000002. Windows RegCreateKeyEx(...) returned error code 5.
2024-12-13 16:06:23,534 [ERROR] LogOutputStream:75 - [STDERR_REDIRECT] 
2024-12-13 16:06:23,819 [INFO] MainUpdater:2872 - connection check result : 10
2024-12-13 16:06:23,819 [INFO] MainUpdater:289 - Updater Check For Update Now.
2024-12-13 16:06:23,819 [INFO] MicroXplorer:498 - Change Database Version : DB.6.0.130
2024-12-13 16:06:23,822 [INFO] McuFinderGlobals:63 - Set McuFinder mode to 2 (CubeIDE integrated)
2024-12-13 16:06:23,823 [INFO] UserAuth:486 - Internet connection configuration mode: 1
2024-12-13 16:06:23,837 [INFO] JxBrowserEngine:152 - Initiate JxBrowser Engine with user profile folder
2024-12-13 16:06:23,963 [INFO] CheckServerUpdateThread:120 - End of CheckServer Thread
2024-12-13 16:06:24,170 [WARN] PackLoader:240 - Cannot read IP mode file for STMicroelectronics.FP-SNS-MOTENVWB1.1.4.0
2024-12-13 16:06:24,176 [WARN] PackLoader:240 - Cannot read IP mode file for STMicroelectronics.FP-ATR-ASTRA1.2.0.1
2024-12-13 16:06:24,185 [WARN] PackLoader:240 - Cannot read IP mode file for STMicroelectronics.X-CUBE-SMBUS.2.1.0
2024-12-13 16:06:24,199 [WARN] PackLoader:240 - Cannot read IP mode file for STMicroelectronics.X-CUBE-WB05N.1.1.0
2024-12-13 16:06:24,226 [WARN] PackLoader:240 - Cannot read IP mode file for STMicroelectronics.X-CUBE-AZRTOS-F7.1.1.0
2024-12-13 16:06:24,270 [WARN] PackLoader:240 - Cannot read IP mode file for STMicroelectronics.X-CUBE-MEMS1.11.0.0
2024-12-13 16:06:24,375 [WARN] PackLoader:240 - Cannot read IP mode file for STMicroelectronics.FP-SNS-FLIGHT1.5.0.2
2024-12-13 16:06:24,381 [WARN] PackLoader:240 - Cannot read IP mode file for STMicroelectronics.X-CUBE-DISPLAY.3.0.0
2024-12-13 16:06:24,386 [WARN] PackLoader:240 - Cannot read IP mode file for STMicroelectronics.X-CUBE-BLE1.7.0.0
2024-12-13 16:06:24,388 [INFO] WebApp:168 - Instantiating new browser for Auth
2024-12-13 16:06:24,389 [WARN] PackLoader:240 - Cannot read IP mode file for STMicroelectronics.X-CUBE-NFC10.1.0.0
2024-12-13 16:06:24,396 [WARN] PackLoader:240 - Cannot read IP mode file for STMicroelectronics.X-CUBE-BLEMGR.4.0.0
2024-12-13 16:06:24,403 [WARN] PackLoader:240 - Cannot read IP mode file for emotas.I-CUBE-CANOPEN.1.3.0
2024-12-13 16:06:24,411 [WARN] PackLoader:240 - Cannot read IP mode file for STMicroelectronics.X-CUBE-BLEMGR.3.1.0
2024-12-13 16:06:24,514 [WARN] PackLoader:240 - Cannot read IP mode file for STMicroelectronics.FP-SNS-SMARTAG2.1.2.0
2024-12-13 16:06:24,520 [INFO] LogOutputStream:77 - [STDOUT_REDIRECT] 1 : Invalid condition id : UX_CORESTACK_Condition cause : null
2024-12-13 16:06:24,520 [INFO] LogOutputStream:77 - [STDOUT_REDIRECT] 1 : Invalid condition id : UX_CORESTACK_Condition cause : null
2024-12-13 16:06:24,521 [INFO] LogOutputStream:77 - [STDOUT_REDIRECT] 1 : Invalid condition id : UX_CORESTACK_Condition cause : null
2024-12-13 16:06:24,521 [INFO] LogOutputStream:77 - [STDOUT_REDIRECT] 1 : Invalid condition id : UX_CORESTACK_Condition cause : null
2024-12-13 16:06:24,522 [INFO] LogOutputStream:77 - [STDOUT_REDIRECT] 1 : Invalid condition id : UX_CORESTACK_Condition cause : null
2024-12-13 16:06:24,527 [WARN] PackLoader:240 - Cannot read IP mode file for STMicroelectronics.X-CUBE-AZRTOS-WL.2.0.0
2024-12-13 16:06:24,532 [WARN] PackLoader:240 - Cannot read IP mode file for STMicroelectronics.FP-SNS-MOTENV1.5.0.0
2024-12-13 16:06:24,537 [WARN] PackLoader:240 - Cannot read IP mode file for wolfSSL.I-CUBE-wolfMQTT.1.19.0
2024-12-13 16:06:24,545 [WARN] PackLoader:240 - Cannot read IP mode file for WES.I-CUBE-Cesium.1.3.0
2024-12-13 16:06:24,549 [WARN] PackLoader:240 - Cannot read IP mode file for STMicroelectronics.X-CUBE-BLE2.3.3.0
2024-12-13 16:06:24,554 [WARN] PackLoader:240 - Cannot read IP mode file for STMicroelectronics.X-CUBE-NFC9.1.0.0
2024-12-13 16:06:24,560 [WARN] PackLoader:240 - Cannot read IP mode file for STMicroelectronics.X-CUBE-TCPP.4.1.0
2024-12-13 16:06:24,573 [WARN] PackLoader:240 - Cannot read IP mode file for STMicroelectronics.X-CUBE-AZRTOS-G0.1.1.0
2024-12-13 16:06:24,581 [WARN] PackLoader:240 - Cannot read IP mode file for STMicroelectronics.X-CUBE-SAFEA1.1.2.2
2024-12-13 16:06:24,585 [WARN] PackLoader:240 - Cannot read IP mode file for STMicroelectronics.X-CUBE-NFC4.3.0.0
2024-12-13 16:06:24,591 [WARN] PackLoader:240 - Cannot read IP mode file for EmbeddedOffice.I-CUBE-FS-RTOS.1.0.1
2024-12-13 16:06:24,594 [WARN] PackLoader:240 - Cannot read IP mode file for RealThread.X-CUBE-RT-Thread_Nano.4.1.1
2024-12-13 16:06:24,597 [WARN] PackLoader:240 - Cannot read IP mode file for STMicroelectronics.FP-ATR-SIGFOX1.3.2.0
2024-12-13 16:06:24,600 [WARN] PackLoader:240 - Cannot read IP mode file for wolfSSL.I-CUBE-wolfSSL.5.7.2
2024-12-13 16:06:24,603 [WARN] ConditionMgr:438 - getConditionDescription Invalid condition id : Cortex-A Device cause : null
2024-12-13 16:06:24,622 [WARN] ConditionMgr:1044 - genDependencies : Invalid condition id : Cortex-A Device cause : null
2024-12-13 16:06:24,622 [WARN] ConditionMgr:1044 - genDependencies : Invalid condition id : Cortex-A Device cause : null
2024-12-13 16:06:24,622 [WARN] ConditionMgr:1044 - genDependencies : Invalid condition id : Cortex-A Device cause : null
2024-12-13 16:06:24,627 [WARN] PackLoader:240 - Cannot read IP mode file for STMicroelectronics.X-CUBE-EEPRMA1.5.1.0
2024-12-13 16:06:24,632 [WARN] PackLoader:240 - Cannot read IP mode file for ITTIA_DB.I-CUBE-ITTIADB.8.9.0
2024-12-13 16:06:24,648 [WARN] PackLoader:240 - Cannot read IP mode file for SEGGER.I-CUBE-embOS.1.3.1
2024-12-13 16:06:24,671 [WARN] PackLoader:240 - Cannot read IP mode file for STMicroelectronics.X-CUBE-ALGOBUILD.1.4.0
2024-12-13 16:06:24,679 [WARN] PackLoader:240 - Cannot read IP mode file for STMicroelectronics.X-CUBE-AI.9.1.0
2024-12-13 16:06:24,693 [WARN] PackLoader:240 - Cannot read IP mode file for STMicroelectronics.X-CUBE-AZRTOS-F4.1.1.0
2024-12-13 16:06:24,698 [WARN] PackLoader:240 - Cannot read IP mode file for STMicroelectronics.X-CUBE-ISPU.2.1.0
2024-12-13 16:06:24,703 [WARN] PackLoader:240 - Cannot read IP mode file for STMicroelectronics.X-CUBE-FREERTOS.1.2.0
2024-12-13 16:06:24,718 [WARN] PackLoader:240 - Cannot read IP mode file for STMicroelectronics.X-CUBE-AZRTOS-L5.2.0.0
2024-12-13 16:06:24,742 [WARN] PackLoader:240 - Cannot read IP mode file for STMicroelectronics.X-CUBE-NFC6.3.1.0
2024-12-13 16:06:24,751 [WARN] PackLoader:240 - Cannot read IP mode file for STMicroelectronics.X-CUBE-DPower.1.2.0
2024-12-13 16:06:24,756 [WARN] PackLoader:240 - Cannot read IP mode file for STMicroelectronics.X-CUBE-NFC7.1.0.1
2024-12-13 16:06:24,773 [WARN] ConditionMgr:438 - getConditionDescription Invalid condition id : LAN8742 Phy interface Condition cause : null
2024-12-13 16:06:24,774 [WARN] PackLoader:240 - Cannot read IP mode file for STMicroelectronics.X-CUBE-AZRTOS-L4.2.0.0
2024-12-13 16:06:24,775 [WARN] ConditionMgr:1044 - genDependencies : Invalid condition id : LAN8742 Phy interface Condition cause : null
2024-12-13 16:06:24,775 [WARN] ConditionMgr:1044 - genDependencies : Invalid condition id : LAN8742 Phy interface Condition cause : null
2024-12-13 16:06:24,776 [WARN] ConditionMgr:1044 - genDependencies : Invalid condition id : LAN8742 Phy interface Condition cause : null
2024-12-13 16:06:24,783 [WARN] PackLoader:240 - Cannot read IP mode file for STMicroelectronics.X-CUBE-SFXS2LP1.4.0.0
2024-12-13 16:06:24,795 [WARN] PackLoader:240 - Cannot read IP mode file for STMicroelectronics.X-CUBE-AZRTOS-H7.3.3.0
2024-12-13 16:06:24,804 [WARN] PackLoader:240 - Cannot read IP mode file for STMicroelectronics.X-CUBE-IPS.3.0.0
2024-12-13 16:06:24,814 [WARN] ConditionMgr:438 - getConditionDescription Invalid condition id : UX DEVICE CLASS RTOS Condition cause : null
2024-12-13 16:06:24,814 [WARN] ConditionMgr:438 - getConditionDescription Invalid condition id : UX DEVICE CLASS RTOS Condition cause : null
2024-12-13 16:06:24,815 [WARN] PackLoader:240 - Cannot read IP mode file for STMicroelectronics.X-CUBE-AZRTOS-WB.2.0.0
2024-12-13 16:06:24,815 [WARN] ConditionMgr:1044 - genDependencies : Invalid condition id : UX DEVICE CLASS RTOS Condition cause : null
2024-12-13 16:06:24,815 [WARN] ConditionMgr:1044 - genDependencies : Invalid condition id : UX DEVICE CLASS RTOS Condition cause : null
2024-12-13 16:06:24,815 [WARN] ConditionMgr:1044 - genDependencies : Invalid condition id : UX DEVICE CLASS RTOS Condition cause : null
2024-12-13 16:06:24,816 [WARN] ConditionMgr:1044 - genDependencies : Invalid condition id : UX DEVICE CLASS RTOS Condition cause : null
2024-12-13 16:06:24,816 [WARN] ConditionMgr:1044 - genDependencies : Invalid condition id : UX DEVICE CLASS RTOS Condition cause : null
2024-12-13 16:06:24,820 [WARN] PackLoader:240 - Cannot read IP mode file for STMicroelectronics.X-CUBE-GNSS1.7.0.0
2024-12-13 16:06:24,823 [WARN] PackLoader:240 - Cannot read IP mode file for STMicroelectronics.FP-SNS-STBOX1.2.0.0
2024-12-13 16:06:24,830 [WARN] PackLoader:240 - Cannot read IP mode file for STMicroelectronics.X-CUBE-SUBG2.5.0.0
2024-12-13 16:06:24,841 [WARN] PackLoader:240 - Cannot read IP mode file for Cesanta.I-CUBE-Mongoose.7.13.0
2024-12-13 16:06:24,852 [WARN] PackLoader:240 - Cannot read IP mode file for STMicroelectronics.X-CUBE-AZRTOS-G4.2.0.0
2024-12-13 16:06:24,857 [WARN] PackLoader:240 - Cannot read IP mode file for STMicroelectronics.X-CUBE-ALS.1.0.2
2024-12-13 16:06:24,861 [WARN] PackLoader:240 - Cannot read IP mode file for STMicroelectronics.X-CUBE-TOUCHGFX.4.24.1
2024-12-13 16:06:24,864 [WARN] PackLoader:240 - Cannot read IP mode file for wolfSSL.I-CUBE-wolfTPM.3.4.0
2024-12-13 16:06:24,869 [WARN] PackLoader:240 - Cannot read IP mode file for portGmbH.I-Cube-SoM-uGOAL.1.1.0
2024-12-13 16:06:24,883 [WARN] PackLoader:240 - Cannot read IP mode file for STMicroelectronics.X-CUBE-AZRTOS-H7RS.1.0.0
2024-12-13 16:06:24,888 [WARN] PackLoader:240 - Cannot read IP mode file for STMicroelectronics.FP-ATR-ASTRA1.2.0.0
2024-12-13 16:06:24,896 [WARN] PackLoader:240 - Cannot read IP mode file for STMicroelectronics.X-CUBE-TOF1.3.4.2
2024-12-13 16:06:24,918 [WARN] PackLoader:240 - Cannot read IP mode file for Infineon.AIROC-Wi-Fi-Bluetooth-STM32.1.6.1
2024-12-13 16:06:24,923 [WARN] PackLoader:240 - Cannot read IP mode file for wolfSSL.I-CUBE-wolfSSH.1.4.17
2024-12-13 16:06:24,923 [INFO] ThirdParty:978 - Integrity check success = true
2024-12-13 16:06:24,923 [INFO] IntegrityCheckThread:100 - exiting critical section [integrity check]
2024-12-13 16:06:24,923 [INFO] IntegrityCheckThread:103 - End integrity checks thread
2024-12-13 16:06:25,127 [INFO] WebApp:449 - Apply proxy settings
2024-12-13 16:06:25,127 [INFO] WebApp:534 - Chromium requires no authentication
2024-12-13 16:06:25,134 [INFO] WebApp:477 - Direct internet connection detected
2024-12-13 16:06:25,151 [INFO] WebApp:880 - Register for checkConnection events
2024-12-13 16:06:25,152 [INFO] WebApp:449 - Apply proxy settings
2024-12-13 16:06:25,152 [INFO] WebApp:534 - Chromium requires no authentication
2024-12-13 16:06:25,152 [INFO] WebApp:477 - Direct internet connection detected
2024-12-13 16:06:25,277 [INFO] WebApp:221 - Starting web application
2024-12-13 16:06:25,277 [INFO] WebApp:579 - Web application path used C:\ST\STM32CubeIDE_1.17.0\STM32CubeIDE\plugins\com.st.stm32cube.common.mx_6.13.0.202411220809\db\plugins\mcufinder\reactClient1\index.html
2024-12-13 16:06:25,332 [INFO] UserAuth:486 - Internet connection configuration mode: 1
2024-12-13 16:06:25,568 [INFO] WebApp:187 - Connection restablished
2024-12-13 17:01:58,095 [ERROR] LogOutputStream:75 - [STDERR_REDIRECT] 
2024-12-13 17:01:58,095 [ERROR] LogOutputStream:75 - [STDERR_REDIRECT] 
