2025-03-26 13:27:41,804 [INFO] Activator:176 - 


2025-03-26 13:27:41,807 [INFO] Activator:177 - !SESSION log4j initialized
2025-03-26 13:27:49,750 [INFO] LogOutputStream:77 - [STDOUT_REDIRECT] 
2025-03-26 13:27:50,786 [INFO] ApplicationProperties:184 - Using Application install path: C:\ST\STM32CubeIDE_1.17.0\STM32CubeIDE\plugins\com.st.stm32cube.common.mx_6.14.0.202502271554
2025-03-26 13:27:50,802 [INFO] DbMcusXml:78 - Set database path to: C:\ST\STM32CubeIDE_1.17.0\STM32CubeIDE\plugins\com.st.stm32cube.common.mx_6.14.0.202502271554\\db\/mcu/
2025-03-26 13:27:50,802 [INFO] ApiDb:274 - Set plugin database path to: C:\ST\STM32CubeIDE_1.17.0\STM32CubeIDE\plugins\com.st.stm32cube.common.mx_6.14.0.202502271554\\db\/plugins/boardmanager/
2025-03-26 13:27:50,803 [WARN] ApiDb:259 - Overriding images path with different value:  => C:\ST\STM32CubeIDE_1.17.0\STM32CubeIDE\plugins\com.st.stm32cube.common.mx_6.14.0.202502271554\\db\/plugins/mcufinder/images/
2025-03-26 13:27:50,810 [INFO] ApiDb:250 - Set database path to: C:\Users\Neko\.stmcufinder\plugins\mcufinder//mcu/
2025-03-26 13:27:50,811 [INFO] DbMcusAds:125 - Set database path to: C:\Users\Neko\.stmcufinder\plugins\mcufinder//mcu/
2025-03-26 13:27:50,814 [INFO] CrossReferenceDbSqlite:203 - Set database path to: C:\Users\Neko\.stmcufinder\plugins\mcufinder//mcu/cs/
2025-03-26 13:27:50,931 [INFO] RulesReader:64 - Compatibility file has been processed (301 Rules)
2025-03-26 13:27:51,020 [INFO] DbMcusXml:78 - Set database path to: C:\ST\STM32CubeIDE_1.17.0\STM32CubeIDE\plugins\com.st.stm32cube.common.mx_6.14.0.202502271554\\db\/mcu/
2025-03-26 13:27:51,021 [INFO] ApiDb:274 - Set plugin database path to: C:\ST\STM32CubeIDE_1.17.0\STM32CubeIDE\plugins\com.st.stm32cube.common.mx_6.14.0.202502271554\\db\/plugins/boardmanager/
2025-03-26 13:27:51,021 [INFO] ApiDb:261 - Set plugin images path to: C:\ST\STM32CubeIDE_1.17.0\STM32CubeIDE\plugins\com.st.stm32cube.common.mx_6.14.0.202502271554\\db\/plugins/mcufinder/images/
2025-03-26 13:27:51,021 [WARN] DbFile:41 - Overriding database path with different value: C:\Users\Neko\.stmcufinder\plugins\mcufinder/ => C:\Users\Neko\.stmcufinder\plugins\mcufinder
2025-03-26 13:27:51,021 [INFO] ApiDb:250 - Set database path to: C:\Users\Neko\.stmcufinder\plugins\mcufinder//mcu/
2025-03-26 13:27:51,021 [WARN] DbFile:41 - Overriding database path with different value: C:\Users\Neko\.stmcufinder\plugins\mcufinder/ => C:\Users\Neko\.stmcufinder\plugins\mcufinder
2025-03-26 13:27:51,021 [INFO] DbMcusAds:125 - Set database path to: C:\Users\Neko\.stmcufinder\plugins\mcufinder//mcu/
2025-03-26 13:27:51,021 [WARN] DbFile:41 - Overriding database path with different value: C:\Users\Neko\.stmcufinder\plugins\mcufinder/ => C:\Users\Neko\.stmcufinder\plugins\mcufinder
2025-03-26 13:27:51,022 [WARN] DbFile:41 - Overriding database path with different value: C:\Users\Neko\.stmcufinder\plugins\mcufinder/ => C:\Users\Neko\.stmcufinder\plugins\mcufinder
2025-03-26 13:27:51,022 [INFO] CrossReferenceDbSqlite:203 - Set database path to: C:\Users\Neko\.stmcufinder\plugins\mcufinder//mcu/cs/
2025-03-26 13:27:51,099 [INFO] MainPanel:272 - HeapMemory: 268435456
2025-03-26 13:27:51,231 [INFO] DbMcusXml:78 - Set database path to: C:\ST\STM32CubeIDE_1.17.0\STM32CubeIDE\plugins\com.st.stm32cube.common.mx_6.14.0.202502271554\\db\/mcu/
2025-03-26 13:27:51,231 [INFO] ApiDb:274 - Set plugin database path to: C:\ST\STM32CubeIDE_1.17.0\STM32CubeIDE\plugins\com.st.stm32cube.common.mx_6.14.0.202502271554\\db\/plugins/boardmanager/
2025-03-26 13:27:51,231 [INFO] ApiDb:261 - Set plugin images path to: C:\ST\STM32CubeIDE_1.17.0\STM32CubeIDE\plugins\com.st.stm32cube.common.mx_6.14.0.202502271554\\db\/plugins/mcufinder/images/
2025-03-26 13:27:51,232 [WARN] DbFile:41 - Overriding database path with different value: C:\Users\Neko\.stmcufinder\plugins\mcufinder/ => C:\Users\Neko\.stmcufinder\plugins\mcufinder
2025-03-26 13:27:51,232 [INFO] ApiDb:250 - Set database path to: C:\Users\Neko\.stmcufinder\plugins\mcufinder//mcu/
2025-03-26 13:27:51,232 [WARN] DbFile:41 - Overriding database path with different value: C:\Users\Neko\.stmcufinder\plugins\mcufinder/ => C:\Users\Neko\.stmcufinder\plugins\mcufinder
2025-03-26 13:27:51,232 [INFO] DbMcusAds:125 - Set database path to: C:\Users\Neko\.stmcufinder\plugins\mcufinder//mcu/
2025-03-26 13:27:51,232 [WARN] DbFile:41 - Overriding database path with different value: C:\Users\Neko\.stmcufinder\plugins\mcufinder/ => C:\Users\Neko\.stmcufinder\plugins\mcufinder
2025-03-26 13:27:51,232 [WARN] DbFile:41 - Overriding database path with different value: C:\Users\Neko\.stmcufinder\plugins\mcufinder/ => C:\Users\Neko\.stmcufinder\plugins\mcufinder
2025-03-26 13:27:51,232 [INFO] CrossReferenceDbSqlite:203 - Set database path to: C:\Users\Neko\.stmcufinder\plugins\mcufinder//mcu/cs/
2025-03-26 13:27:51,252 [INFO] ApplicationProperties:184 - Using Application install path: C:\ST\STM32CubeIDE_1.17.0\STM32CubeIDE\plugins\com.st.stm32cube.common.mx_6.14.0.202502271554
2025-03-26 13:27:51,253 [INFO] PluginManage:196 - Search for loadable plugins [exclusion list=, ]
2025-03-26 13:27:51,254 [INFO] PluginManage:310 - Check plugin analytics
2025-03-26 13:27:51,408 [INFO] AnalyticsPlugin:253 - Accepted Software Licenses: 
2025-03-26 13:27:51,409 [INFO] AnalyticsPlugin:255 - Accepted CMSIS Pack Licenses: 
2025-03-26 13:27:51,409 [INFO] AnalyticsPlugin:257 - Accepted Firmware Licenses: FW.F4.1.28.0
2025-03-26 13:27:51,426 [INFO] PluginManage:359 - Loaded plugin analytics (category:tool,tabindex:-1)
2025-03-26 13:27:51,426 [INFO] PluginManage:310 - Check plugin cadmodel
2025-03-26 13:27:51,452 [INFO] CADModel:105 - Init CAD model plugin
2025-03-26 13:27:51,452 [INFO] PluginManage:359 - Loaded plugin cadmodel (category:power,tabindex:5)
2025-03-26 13:27:51,453 [INFO] PluginManage:310 - Check plugin clock
2025-03-26 13:27:51,482 [INFO] PluginManage:359 - Loaded plugin clock (category:base,tabindex:2)
2025-03-26 13:27:51,482 [INFO] PluginManage:310 - Check plugin ddr
2025-03-26 13:27:51,485 [INFO] PluginManage:359 - Loaded plugin ddr (category:tool,tabindex:6)
2025-03-26 13:27:51,485 [INFO] PluginManage:310 - Check plugin filemanager
2025-03-26 13:27:51,624 [INFO] PluginManage:359 - Loaded plugin filemanager (category:base,tabindex:10)
2025-03-26 13:27:51,625 [INFO] PluginManage:310 - Check plugin ipmanager
2025-03-26 13:27:51,630 [INFO] PluginManage:359 - Loaded plugin ipmanager (category:base,tabindex:5)
2025-03-26 13:27:51,630 [INFO] PluginManage:310 - Check plugin lpbam
2025-03-26 13:27:51,654 [INFO] PluginManage:359 - Loaded plugin lpbam (category:base,tabindex:0)
2025-03-26 13:27:51,654 [INFO] PluginManage:310 - Check plugin memorymap
2025-03-26 13:27:51,682 [INFO] PluginManage:359 - Loaded plugin memorymap (category:base,tabindex:4)
2025-03-26 13:27:51,682 [INFO] PluginManage:310 - Check plugin pinoutandconfiguration
2025-03-26 13:27:51,701 [INFO] PluginManage:359 - Loaded plugin pinoutandconfiguration (category:base,tabindex:1)
2025-03-26 13:27:51,701 [INFO] PluginManage:310 - Check plugin pinoutconfig
2025-03-26 13:27:51,786 [WARN] SupportedApi:132 - Cannot load RTOS API schema: s4s-elt-must-match.1: The content of 'definitions' must match (annotation?, (simpleType | complexType)?, (unique | key | keyref)*)). A problem was found starting at: attribute.
2025-03-26 13:27:51,895 [INFO] PluginManage:359 - Loaded plugin pinoutconfig (category:base,tabindex:0)
2025-03-26 13:27:51,895 [INFO] PluginManage:310 - Check plugin power
2025-03-26 13:27:51,916 [INFO] PluginManage:359 - Loaded plugin power (category:power,tabindex:4)
2025-03-26 13:27:51,916 [INFO] PluginManage:310 - Check plugin projectmanager
2025-03-26 13:27:51,926 [INFO] PluginManage:359 - Loaded plugin projectmanager (category:projectmanager,tabindex:4)
2025-03-26 13:27:51,927 [INFO] PluginManage:310 - Check plugin rif
2025-03-26 13:27:51,944 [INFO] PluginManage:359 - Loaded plugin rif (category:base,tabindex:3)
2025-03-26 13:27:51,944 [INFO] PluginManage:310 - Check plugin thirdparty
2025-03-26 13:27:52,196 [INFO] PluginManage:359 - Loaded plugin thirdparty (category:base,tabindex:-1)
2025-03-26 13:27:52,196 [WARN] IntegrityCheckThread:84 - waiting for thirdparty lock release [integrity check]
2025-03-26 13:27:52,197 [INFO] PluginManage:310 - Check plugin tools
2025-03-26 13:27:52,197 [INFO] IntegrityCheckThread:86 - entering critical section [integrity check]
2025-03-26 13:27:52,197 [INFO] ThirdPartyUpdaterWithRetryManager:70 - Updater plugin not ready yet. [1/15]
2025-03-26 13:27:52,229 [INFO] PluginManage:359 - Loaded plugin tools (category:base,tabindex:7)
2025-03-26 13:27:52,230 [INFO] PluginManage:310 - Check plugin tutovideos
2025-03-26 13:27:52,368 [INFO] PluginManage:359 - Loaded plugin tutovideos (category:base,tabindex:-1)
2025-03-26 13:27:52,368 [INFO] PluginManage:310 - Check plugin updater
2025-03-26 13:27:52,393 [INFO] PluginManage:359 - Loaded plugin updater (category:base,tabindex:12)
2025-03-26 13:27:52,393 [INFO] PluginManage:310 - Check plugin userauth
2025-03-26 13:27:52,397 [INFO] UserAuth:118 - Init User Auth plugin
2025-03-26 13:27:52,397 [INFO] PluginManage:359 - Loaded plugin userauth (category:base,tabindex:14)
2025-03-26 13:27:52,397 [INFO] PluginManage:283 - PluginManage : Loaded plugins [18]
2025-03-26 13:27:52,563 [INFO] PinOutPanel:1589 - setPackage(No Configuration,No Configuration)
2025-03-26 13:27:52,628 [INFO] CADModel:165 - CPN selected for project level
2025-03-26 13:27:52,628 [INFO] CADModel:114 - Register for checkConnection events
2025-03-26 13:27:52,656 [INFO] IPUIPlugin:80 - create IPUIPlugin
2025-03-26 13:27:52,656 [INFO] PluginManager:220 - loadIPPluginJar : add adc
2025-03-26 13:27:52,718 [INFO] IPUIPlugin:80 - create IPUIPlugin
2025-03-26 13:27:52,718 [INFO] PluginManager:220 - loadIPPluginJar : add aes
2025-03-26 13:27:52,772 [INFO] IPUIPlugin:80 - create IPUIPlugin
2025-03-26 13:27:52,773 [INFO] PluginManager:220 - loadIPPluginJar : add can
2025-03-26 13:27:52,804 [INFO] IPUIPlugin:80 - create IPUIPlugin
2025-03-26 13:27:52,804 [INFO] PluginManager:220 - loadIPPluginJar : add comp
2025-03-26 13:27:52,851 [INFO] IPUIPlugin:80 - create IPUIPlugin
2025-03-26 13:27:52,851 [INFO] PluginManager:220 - loadIPPluginJar : add cryp
2025-03-26 13:27:52,865 [INFO] IPUIPlugin:80 - create IPUIPlugin
2025-03-26 13:27:52,865 [INFO] PluginManager:220 - loadIPPluginJar : add ddr_ctrl_phy
2025-03-26 13:27:52,909 [INFO] IPUIPlugin:80 - create IPUIPlugin
2025-03-26 13:27:52,909 [INFO] PluginManager:220 - loadIPPluginJar : add dfsdm
2025-03-26 13:27:52,925 [INFO] IPUIPlugin:80 - create IPUIPlugin
2025-03-26 13:27:52,926 [INFO] PluginManager:220 - loadIPPluginJar : add dma
2025-03-26 13:27:52,980 [INFO] IPUIPlugin:80 - create IPUIPlugin
2025-03-26 13:27:52,980 [INFO] PluginManager:220 - loadIPPluginJar : add dma3
2025-03-26 13:27:53,040 [INFO] IPUIPlugin:80 - create IPUIPlugin
2025-03-26 13:27:53,041 [INFO] PluginManager:220 - loadIPPluginJar : add extmemmanager
2025-03-26 13:27:53,075 [INFO] IPUIPlugin:80 - create IPUIPlugin
2025-03-26 13:27:53,075 [INFO] PluginManager:220 - loadIPPluginJar : add fatfs
2025-03-26 13:27:53,128 [INFO] IPUIPlugin:80 - create IPUIPlugin
2025-03-26 13:27:53,128 [INFO] PluginManager:220 - loadIPPluginJar : add fmc
2025-03-26 13:27:53,147 [INFO] IPUIPlugin:80 - create IPUIPlugin
2025-03-26 13:27:53,147 [INFO] PluginManager:220 - loadIPPluginJar : add freertos
2025-03-26 13:27:53,171 [INFO] IPUIPlugin:80 - create IPUIPlugin
2025-03-26 13:27:53,171 [INFO] PluginManager:220 - loadIPPluginJar : add genericplugin
2025-03-26 13:27:53,242 [INFO] IPUIPlugin:80 - create IPUIPlugin
2025-03-26 13:27:53,243 [INFO] PluginManager:220 - loadIPPluginJar : add gfxmmu
2025-03-26 13:27:53,355 [INFO] IPUIPlugin:80 - create IPUIPlugin
2025-03-26 13:27:53,355 [INFO] PluginManager:220 - loadIPPluginJar : add gic
2025-03-26 13:27:53,366 [INFO] IPUIPlugin:80 - create IPUIPlugin
2025-03-26 13:27:53,366 [INFO] PluginManager:220 - loadIPPluginJar : add gpio
2025-03-26 13:27:53,439 [INFO] IPUIPlugin:80 - create IPUIPlugin
2025-03-26 13:27:53,439 [INFO] PluginManager:220 - loadIPPluginJar : add gtzc
2025-03-26 13:27:53,470 [INFO] IPUIPlugin:80 - create IPUIPlugin
2025-03-26 13:27:53,470 [INFO] PluginManager:220 - loadIPPluginJar : add hash
2025-03-26 13:27:53,513 [INFO] IPUIPlugin:80 - create IPUIPlugin
2025-03-26 13:27:53,513 [INFO] PluginManager:220 - loadIPPluginJar : add i2c
2025-03-26 13:27:53,546 [INFO] IPUIPlugin:80 - create IPUIPlugin
2025-03-26 13:27:53,547 [INFO] PluginManager:220 - loadIPPluginJar : add i2s
2025-03-26 13:27:53,583 [INFO] IPUIPlugin:80 - create IPUIPlugin
2025-03-26 13:27:53,583 [INFO] PluginManager:220 - loadIPPluginJar : add i3c
2025-03-26 13:27:53,676 [INFO] IPUIPlugin:80 - create IPUIPlugin
2025-03-26 13:27:53,676 [INFO] PluginManager:220 - loadIPPluginJar : add ipddr
2025-03-26 13:27:53,757 [INFO] IPUIPlugin:80 - create IPUIPlugin
2025-03-26 13:27:53,757 [INFO] PluginManager:220 - loadIPPluginJar : add linkedlist
2025-03-26 13:27:53,791 [INFO] IPUIPlugin:80 - create IPUIPlugin
2025-03-26 13:27:53,791 [INFO] PluginManager:220 - loadIPPluginJar : add lorawan
2025-03-26 13:27:53,821 [INFO] IPUIPlugin:80 - create IPUIPlugin
2025-03-26 13:27:53,822 [INFO] PluginManager:220 - loadIPPluginJar : add ltdc
2025-03-26 13:27:53,833 [INFO] IPUIPlugin:80 - create IPUIPlugin
2025-03-26 13:27:53,833 [INFO] PluginManager:220 - loadIPPluginJar : add mdma
2025-03-26 13:27:53,843 [INFO] IPUIPlugin:80 - create IPUIPlugin
2025-03-26 13:27:53,843 [INFO] PluginManager:220 - loadIPPluginJar : add nvic
2025-03-26 13:27:53,873 [INFO] IPUIPlugin:80 - create IPUIPlugin
2025-03-26 13:27:53,873 [INFO] PluginManager:220 - loadIPPluginJar : add opamp
2025-03-26 13:27:53,931 [INFO] IPUIPlugin:80 - create IPUIPlugin
2025-03-26 13:27:53,931 [INFO] PluginManager:220 - loadIPPluginJar : add openamp
2025-03-26 13:27:53,966 [INFO] IPUIPlugin:80 - create IPUIPlugin
2025-03-26 13:27:53,966 [INFO] PluginManager:220 - loadIPPluginJar : add pdm2pcm
2025-03-26 13:27:53,980 [INFO] IPUIPlugin:80 - create IPUIPlugin
2025-03-26 13:27:53,981 [INFO] PluginManager:220 - loadIPPluginJar : add plateformsettings
2025-03-26 13:27:54,004 [INFO] IPUIPlugin:80 - create IPUIPlugin
2025-03-26 13:27:54,004 [INFO] PluginManager:220 - loadIPPluginJar : add quadspi
2025-03-26 13:27:54,027 [INFO] IPUIPlugin:80 - create IPUIPlugin
2025-03-26 13:27:54,028 [INFO] PluginManager:220 - loadIPPluginJar : add radio
2025-03-26 13:27:54,041 [INFO] IPUIPlugin:80 - create IPUIPlugin
2025-03-26 13:27:54,041 [INFO] PluginManager:220 - loadIPPluginJar : add resmgrutility
2025-03-26 13:27:54,087 [INFO] IPUIPlugin:80 - create IPUIPlugin
2025-03-26 13:27:54,087 [INFO] PluginManager:220 - loadIPPluginJar : add sai
2025-03-26 13:27:54,122 [INFO] IPUIPlugin:80 - create IPUIPlugin
2025-03-26 13:27:54,122 [INFO] PluginManager:220 - loadIPPluginJar : add spi
2025-03-26 13:27:54,195 [INFO] IPUIPlugin:80 - create IPUIPlugin
2025-03-26 13:27:54,195 [INFO] PluginManager:220 - loadIPPluginJar : add stm32_wpan
2025-03-26 13:27:54,215 [INFO] IPUIPlugin:80 - create IPUIPlugin
2025-03-26 13:27:54,215 [INFO] PluginManager:220 - loadIPPluginJar : add tim
2025-03-26 13:27:54,263 [INFO] IPUIPlugin:80 - create IPUIPlugin
2025-03-26 13:27:54,263 [INFO] PluginManager:220 - loadIPPluginJar : add touchsensing
2025-03-26 13:27:54,284 [INFO] IPUIPlugin:80 - create IPUIPlugin
2025-03-26 13:27:54,285 [INFO] PluginManager:220 - loadIPPluginJar : add tracer_emb
2025-03-26 13:27:54,307 [INFO] IPUIPlugin:80 - create IPUIPlugin
2025-03-26 13:27:54,307 [INFO] PluginManager:220 - loadIPPluginJar : add ts
2025-03-26 13:27:54,326 [INFO] IPUIPlugin:80 - create IPUIPlugin
2025-03-26 13:27:54,326 [INFO] PluginManager:220 - loadIPPluginJar : add tsc
2025-03-26 13:27:54,345 [INFO] IPUIPlugin:80 - create IPUIPlugin
2025-03-26 13:27:54,345 [INFO] PluginManager:220 - loadIPPluginJar : add ucpd
2025-03-26 13:27:54,382 [INFO] IPUIPlugin:80 - create IPUIPlugin
2025-03-26 13:27:54,382 [INFO] PluginManager:220 - loadIPPluginJar : add usart
2025-03-26 13:27:54,419 [INFO] IPUIPlugin:80 - create IPUIPlugin
2025-03-26 13:27:54,419 [INFO] PluginManager:220 - loadIPPluginJar : add usbx
2025-03-26 13:27:54,529 [FATAL] Updater:351 - Updater called before beeing initialized
2025-03-26 13:27:54,547 [INFO] RulesReader:64 - Compatibility file has been processed (301 Rules)
2025-03-26 13:27:54,553 [INFO] RulesReader:64 - Compatibility file has been processed (301 Rules)
2025-03-26 13:27:54,558 [INFO] CADModel:165 - CPN selected for project level
2025-03-26 13:27:54,558 [INFO] CADModel:114 - Register for checkConnection events
2025-03-26 13:27:54,558 [FATAL] Updater:351 - Updater called before beeing initialized
2025-03-26 13:27:54,558 [ERROR] CADModel:125 - Updater not yet initialized, retry later 
2025-03-26 13:27:54,659 [FATAL] Updater:351 - Updater called before beeing initialized
2025-03-26 13:27:54,661 [INFO] CADModel:165 - CPN selected for project level
2025-03-26 13:27:54,661 [INFO] CADModel:114 - Register for checkConnection events
2025-03-26 13:27:54,661 [FATAL] Updater:351 - Updater called before beeing initialized
2025-03-26 13:27:54,661 [ERROR] CADModel:125 - Updater not yet initialized, retry later 
2025-03-26 13:27:54,662 [FATAL] Updater:351 - Updater called before beeing initialized
2025-03-26 13:27:54,734 [FATAL] Updater:351 - Updater called before beeing initialized
2025-03-26 13:27:54,743 [INFO] DbMcusAds:53 - JSON generation date=Thu Mar 06 16:54:21 EET 2025 (1741272861825)
2025-03-26 13:27:54,743 [FATAL] Updater:351 - Updater called before beeing initialized
2025-03-26 13:27:54,771 [WARN] DetailPanel:346 - Failed to get advertising image, set to default
2025-03-26 13:27:54,948 [FATAL] Updater:351 - Updater called before beeing initialized
2025-03-26 13:27:54,953 [FATAL] Updater:351 - Updater called before beeing initialized
2025-03-26 13:27:54,954 [FATAL] Updater:351 - Updater called before beeing initialized
2025-03-26 13:27:54,954 [WARN] DetailPanel:346 - Failed to get advertising image, set to default
2025-03-26 13:27:54,954 [FATAL] Updater:351 - Updater called before beeing initialized
2025-03-26 13:27:54,997 [ERROR] Updater:1198 - MainUpdater not yet initialized. External WinMGr cannot be set.
2025-03-26 13:27:55,005 [INFO] Updater:1134 - Updater Version found : 6.14.0
2025-03-26 13:27:55,019 [INFO] ApplicationProperties:184 - Using Application install path: C:\ST\STM32CubeIDE_1.17.0\STM32CubeIDE\plugins\com.st.stm32cube.common.mx_6.14.0.202502271554
2025-03-26 13:27:55,198 [INFO] ThirdPartyUpdaterWithRetryManager:70 - Updater plugin not ready yet. [2/15]
2025-03-26 13:27:56,590 [ERROR] LogOutputStream:75 - [STDERR_REDIRECT] Mar 26, 2025 1:27:56 PM java.util.prefs.WindowsPreferences <init>
2025-03-26 13:27:56,591 [ERROR] LogOutputStream:75 - [STDERR_REDIRECT] WARNING: Could not open/create prefs root node Software\JavaSoft\Prefs at root 0xffffffff80000002. Windows RegCreateKeyEx(...) returned error code 5.
2025-03-26 13:27:56,591 [ERROR] LogOutputStream:75 - [STDERR_REDIRECT] 
2025-03-26 13:27:56,938 [INFO] MainUpdater:2872 - connection check result : 10
2025-03-26 13:27:56,939 [INFO] MainUpdater:289 - Updater Check For Update Now.
2025-03-26 13:27:56,939 [INFO] MicroXplorer:498 - Change Database Version : DB.6.0.140
2025-03-26 13:27:56,951 [INFO] McuFinderGlobals:63 - Set McuFinder mode to 2 (CubeIDE integrated)
2025-03-26 13:27:56,956 [INFO] UserAuth:486 - Internet connection configuration mode: 1
2025-03-26 13:27:56,979 [INFO] JxBrowserEngine:152 - Initiate JxBrowser Engine with user profile folder
2025-03-26 13:27:57,109 [INFO] CheckServerUpdateThread:120 - End of CheckServer Thread
2025-03-26 13:27:57,935 [INFO] WebApp:169 - Instantiating new browser for Auth
2025-03-26 13:27:58,420 [WARN] PackLoader:240 - Cannot read IP mode file for STMicroelectronics.FP-SNS-MOTENVWB1.1.4.0
2025-03-26 13:27:58,436 [WARN] PackLoader:240 - Cannot read IP mode file for STMicroelectronics.FP-ATR-ASTRA1.2.0.2
2025-03-26 13:27:58,439 [INFO] WebApp:463 - Apply proxy settings
2025-03-26 13:27:58,439 [INFO] WebApp:548 - Chromium requires no authentication
2025-03-26 13:27:58,446 [INFO] WebApp:491 - Direct internet connection detected
2025-03-26 13:27:58,451 [WARN] PackLoader:240 - Cannot read IP mode file for STMicroelectronics.FP-ATR-ASTRA1.2.0.1
2025-03-26 13:27:58,465 [INFO] WebApp:894 - Register for checkConnection events
2025-03-26 13:27:58,465 [INFO] WebApp:463 - Apply proxy settings
2025-03-26 13:27:58,465 [INFO] WebApp:548 - Chromium requires no authentication
2025-03-26 13:27:58,465 [WARN] PackLoader:240 - Cannot read IP mode file for STMicroelectronics.X-CUBE-SMBUS.2.1.0
2025-03-26 13:27:58,466 [INFO] WebApp:491 - Direct internet connection detected
2025-03-26 13:27:58,481 [WARN] PackLoader:240 - Cannot read IP mode file for STMicroelectronics.X-CUBE-WB05N.1.1.0
2025-03-26 13:27:58,510 [WARN] PackLoader:240 - Cannot read IP mode file for STMicroelectronics.X-CUBE-AZRTOS-F7.1.1.0
2025-03-26 13:27:58,559 [WARN] PackLoader:240 - Cannot read IP mode file for STMicroelectronics.X-CUBE-MEMS1.11.0.0
2025-03-26 13:27:58,621 [INFO] WebApp:225 - Starting web application
2025-03-26 13:27:58,621 [INFO] WebApp:593 - Web application path used C:\ST\STM32CubeIDE_1.17.0\STM32CubeIDE\plugins\com.st.stm32cube.common.mx_6.14.0.202502271554\db\plugins\mcufinder\reactClient1\index.html
2025-03-26 13:27:58,699 [WARN] PackLoader:240 - Cannot read IP mode file for STMicroelectronics.FP-SNS-FLIGHT1.5.0.2
2025-03-26 13:27:58,732 [WARN] PackLoader:240 - Cannot read IP mode file for STMicroelectronics.X-CUBE-DISPLAY.3.0.0
2025-03-26 13:27:58,755 [WARN] PackLoader:240 - Cannot read IP mode file for STMicroelectronics.X-CUBE-BLE1.7.0.0
2025-03-26 13:27:58,767 [INFO] WebApp:191 - Connection restablished
2025-03-26 13:27:58,774 [WARN] PackLoader:240 - Cannot read IP mode file for STMicroelectronics.X-CUBE-NFC10.1.0.0
2025-03-26 13:27:58,794 [WARN] PackLoader:240 - Cannot read IP mode file for STMicroelectronics.X-CUBE-BLEMGR.4.0.0
2025-03-26 13:27:58,811 [INFO] UserAuth:486 - Internet connection configuration mode: 1
2025-03-26 13:27:58,813 [WARN] PackLoader:240 - Cannot read IP mode file for emotas.I-CUBE-CANOPEN.1.3.0
2025-03-26 13:27:58,834 [WARN] PackLoader:240 - Cannot read IP mode file for STMicroelectronics.X-CUBE-BLEMGR.3.1.0
2025-03-26 13:27:58,853 [WARN] PackLoader:240 - Cannot read IP mode file for STMicroelectronics.X-CUBE-AI.10.0.0
2025-03-26 13:27:58,868 [WARN] PackLoader:240 - Cannot read IP mode file for STMicroelectronics.FP-SNS-SMARTAG2.1.2.0
2025-03-26 13:27:58,881 [WARN] PackLoader:240 - Cannot read IP mode file for STMicroelectronics.FP-SNS-FLIGHT1.5.1.0
2025-03-26 13:27:58,944 [WARN] PackLoader:240 - Cannot read IP mode file for STMicroelectronics.X-CUBE-MEMS1.11.1.0
2025-03-26 13:27:59,055 [INFO] LogOutputStream:77 - [STDOUT_REDIRECT] 1 : Invalid condition id : UX_CORESTACK_Condition cause : null
2025-03-26 13:27:59,055 [INFO] LogOutputStream:77 - [STDOUT_REDIRECT] 1 : Invalid condition id : UX_CORESTACK_Condition cause : null
2025-03-26 13:27:59,056 [INFO] LogOutputStream:77 - [STDOUT_REDIRECT] 1 : Invalid condition id : UX_CORESTACK_Condition cause : null
2025-03-26 13:27:59,056 [INFO] LogOutputStream:77 - [STDOUT_REDIRECT] 1 : Invalid condition id : UX_CORESTACK_Condition cause : null
2025-03-26 13:27:59,057 [INFO] LogOutputStream:77 - [STDOUT_REDIRECT] 1 : Invalid condition id : UX_CORESTACK_Condition cause : null
2025-03-26 13:27:59,058 [WARN] PackLoader:240 - Cannot read IP mode file for STMicroelectronics.X-CUBE-AZRTOS-WL.2.0.0
2025-03-26 13:27:59,073 [WARN] PackLoader:240 - Cannot read IP mode file for STMicroelectronics.FP-SNS-MOTENV1.5.0.0
2025-03-26 13:27:59,090 [WARN] PackLoader:240 - Cannot read IP mode file for wolfSSL.I-CUBE-wolfMQTT.1.19.0
2025-03-26 13:27:59,105 [WARN] PackLoader:240 - Cannot read IP mode file for WES.I-CUBE-Cesium.1.3.0
2025-03-26 13:27:59,120 [WARN] PackLoader:240 - Cannot read IP mode file for STMicroelectronics.X-CUBE-BLE2.3.3.0
2025-03-26 13:27:59,135 [WARN] PackLoader:240 - Cannot read IP mode file for STMicroelectronics.X-CUBE-NFC9.1.0.0
2025-03-26 13:27:59,149 [WARN] PackLoader:240 - Cannot read IP mode file for STMicroelectronics.X-CUBE-BLE1.7.1.0
2025-03-26 13:27:59,161 [WARN] PackLoader:240 - Cannot read IP mode file for STMicroelectronics.X-CUBE-TCPP.4.1.0
2025-03-26 13:27:59,184 [WARN] PackLoader:240 - Cannot read IP mode file for STMicroelectronics.X-CUBE-AZRTOS-G0.1.1.0
2025-03-26 13:27:59,199 [WARN] PackLoader:240 - Cannot read IP mode file for STMicroelectronics.X-CUBE-SAFEA1.1.2.2
2025-03-26 13:27:59,213 [WARN] PackLoader:240 - Cannot read IP mode file for STMicroelectronics.X-CUBE-NFC4.3.0.0
2025-03-26 13:27:59,227 [WARN] PackLoader:240 - Cannot read IP mode file for EmbeddedOffice.I-CUBE-FS-RTOS.1.0.1
2025-03-26 13:27:59,239 [WARN] PackLoader:240 - Cannot read IP mode file for STMicroelectronics.X-CUBE-TCPP.4.2.0
2025-03-26 13:27:59,252 [WARN] PackLoader:240 - Cannot read IP mode file for RealThread.X-CUBE-RT-Thread_Nano.4.1.1
2025-03-26 13:27:59,262 [WARN] PackLoader:240 - Cannot read IP mode file for STMicroelectronics.FP-ATR-SIGFOX1.3.2.0
2025-03-26 13:27:59,274 [WARN] PackLoader:240 - Cannot read IP mode file for wolfSSL.I-CUBE-wolfSSL.5.7.2
2025-03-26 13:27:59,284 [WARN] ConditionMgr:438 - getConditionDescription Invalid condition id : Cortex-A Device cause : null
2025-03-26 13:27:59,300 [WARN] ConditionMgr:1044 - genDependencies : Invalid condition id : Cortex-A Device cause : null
2025-03-26 13:27:59,300 [WARN] ConditionMgr:1044 - genDependencies : Invalid condition id : Cortex-A Device cause : null
2025-03-26 13:27:59,300 [WARN] ConditionMgr:1044 - genDependencies : Invalid condition id : Cortex-A Device cause : null
2025-03-26 13:27:59,311 [WARN] PackLoader:240 - Cannot read IP mode file for STMicroelectronics.X-CUBE-EEPRMA1.5.1.0
2025-03-26 13:27:59,323 [WARN] PackLoader:240 - Cannot read IP mode file for ITTIA_DB.I-CUBE-ITTIADB.8.9.0
2025-03-26 13:27:59,346 [WARN] PackLoader:240 - Cannot read IP mode file for SEGGER.I-CUBE-embOS.1.3.1
2025-03-26 13:27:59,373 [WARN] PackLoader:240 - Cannot read IP mode file for STMicroelectronics.X-CUBE-ALGOBUILD.1.4.0
2025-03-26 13:27:59,385 [WARN] PackLoader:240 - Cannot read IP mode file for STMicroelectronics.X-CUBE-AI.9.1.0
2025-03-26 13:27:59,404 [WARN] PackLoader:240 - Cannot read IP mode file for STMicroelectronics.X-CUBE-AZRTOS-F4.1.1.0
2025-03-26 13:27:59,417 [WARN] PackLoader:240 - Cannot read IP mode file for STMicroelectronics.X-CUBE-ISPU.2.1.0
2025-03-26 13:27:59,429 [WARN] PackLoader:240 - Cannot read IP mode file for STMicroelectronics.X-CUBE-FREERTOS.1.2.0
2025-03-26 13:27:59,450 [WARN] PackLoader:240 - Cannot read IP mode file for STMicroelectronics.X-CUBE-AZRTOS-L5.2.0.0
2025-03-26 13:27:59,464 [WARN] PackLoader:240 - Cannot read IP mode file for STMicroelectronics.X-CUBE-NFC6.3.1.0
2025-03-26 13:27:59,478 [WARN] PackLoader:240 - Cannot read IP mode file for STMicroelectronics.X-CUBE-DPower.1.2.0
2025-03-26 13:27:59,489 [WARN] PackLoader:240 - Cannot read IP mode file for STMicroelectronics.X-CUBE-FREERTOS.1.3.0
2025-03-26 13:27:59,500 [WARN] PackLoader:240 - Cannot read IP mode file for STMicroelectronics.X-CUBE-NFC7.1.0.1
2025-03-26 13:27:59,520 [WARN] ConditionMgr:438 - getConditionDescription Invalid condition id : LAN8742 Phy interface Condition cause : null
2025-03-26 13:27:59,521 [WARN] PackLoader:240 - Cannot read IP mode file for STMicroelectronics.X-CUBE-AZRTOS-L4.2.0.0
2025-03-26 13:27:59,521 [WARN] ConditionMgr:1044 - genDependencies : Invalid condition id : LAN8742 Phy interface Condition cause : null
2025-03-26 13:27:59,521 [WARN] ConditionMgr:1044 - genDependencies : Invalid condition id : LAN8742 Phy interface Condition cause : null
2025-03-26 13:27:59,522 [WARN] ConditionMgr:1044 - genDependencies : Invalid condition id : LAN8742 Phy interface Condition cause : null
2025-03-26 13:27:59,534 [WARN] PackLoader:240 - Cannot read IP mode file for STMicroelectronics.X-CUBE-SFXS2LP1.4.0.0
2025-03-26 13:27:59,555 [WARN] PackLoader:240 - Cannot read IP mode file for STMicroelectronics.X-CUBE-AZRTOS-H7.3.3.0
2025-03-26 13:27:59,570 [WARN] PackLoader:240 - Cannot read IP mode file for STMicroelectronics.X-CUBE-IPS.3.0.0
2025-03-26 13:27:59,587 [WARN] ConditionMgr:438 - getConditionDescription Invalid condition id : UX DEVICE CLASS RTOS Condition cause : null
2025-03-26 13:27:59,588 [WARN] ConditionMgr:438 - getConditionDescription Invalid condition id : UX DEVICE CLASS RTOS Condition cause : null
2025-03-26 13:27:59,588 [WARN] PackLoader:240 - Cannot read IP mode file for STMicroelectronics.X-CUBE-AZRTOS-WB.2.0.0
2025-03-26 13:27:59,589 [WARN] ConditionMgr:1044 - genDependencies : Invalid condition id : UX DEVICE CLASS RTOS Condition cause : null
2025-03-26 13:27:59,589 [WARN] ConditionMgr:1044 - genDependencies : Invalid condition id : UX DEVICE CLASS RTOS Condition cause : null
2025-03-26 13:27:59,589 [WARN] ConditionMgr:1044 - genDependencies : Invalid condition id : UX DEVICE CLASS RTOS Condition cause : null
2025-03-26 13:27:59,589 [WARN] ConditionMgr:1044 - genDependencies : Invalid condition id : UX DEVICE CLASS RTOS Condition cause : null
2025-03-26 13:27:59,589 [WARN] ConditionMgr:1044 - genDependencies : Invalid condition id : UX DEVICE CLASS RTOS Condition cause : null
2025-03-26 13:27:59,600 [WARN] PackLoader:240 - Cannot read IP mode file for STMicroelectronics.X-CUBE-GNSS1.7.0.0
2025-03-26 13:27:59,612 [WARN] PackLoader:240 - Cannot read IP mode file for STMicroelectronics.X-CUBE-GNSS1.7.0.1
2025-03-26 13:27:59,623 [WARN] PackLoader:240 - Cannot read IP mode file for STMicroelectronics.X-CUBE-TOUCHGFX.4.25.0
2025-03-26 13:27:59,636 [WARN] PackLoader:240 - Cannot read IP mode file for STMicroelectronics.FP-SNS-STBOX1.2.0.0
2025-03-26 13:27:59,653 [WARN] PackLoader:240 - Cannot read IP mode file for STMicroelectronics.X-CUBE-SUBG2.5.0.0
2025-03-26 13:27:59,677 [WARN] PackLoader:240 - Cannot read IP mode file for STMicroelectronics.X-CUBE-AZRTOS-H7RS.1.1.0
2025-03-26 13:27:59,691 [WARN] PackLoader:240 - Cannot read IP mode file for Cesanta.I-CUBE-Mongoose.7.13.0
2025-03-26 13:27:59,708 [WARN] PackLoader:240 - Cannot read IP mode file for STMicroelectronics.X-CUBE-AZRTOS-G4.2.0.0
2025-03-26 13:27:59,723 [WARN] PackLoader:240 - Cannot read IP mode file for STMicroelectronics.X-CUBE-IPS.3.1.0
2025-03-26 13:27:59,735 [WARN] PackLoader:240 - Cannot read IP mode file for STMicroelectronics.X-CUBE-ALS.1.0.2
2025-03-26 13:27:59,747 [WARN] PackLoader:240 - Cannot read IP mode file for STMicroelectronics.X-CUBE-TOUCHGFX.4.24.2
2025-03-26 13:27:59,757 [WARN] PackLoader:240 - Cannot read IP mode file for STMicroelectronics.X-CUBE-TOUCHGFX.4.24.1
2025-03-26 13:27:59,770 [WARN] PackLoader:240 - Cannot read IP mode file for wolfSSL.I-CUBE-wolfTPM.3.4.0
2025-03-26 13:27:59,782 [WARN] PackLoader:240 - Cannot read IP mode file for portGmbH.I-Cube-SoM-uGOAL.1.1.0
2025-03-26 13:27:59,805 [WARN] PackLoader:240 - Cannot read IP mode file for STMicroelectronics.X-CUBE-AZRTOS-H7RS.1.0.0
2025-03-26 13:27:59,817 [WARN] PackLoader:240 - Cannot read IP mode file for STMicroelectronics.FP-ATR-ASTRA1.2.0.0
2025-03-26 13:27:59,831 [WARN] PackLoader:240 - Cannot read IP mode file for STMicroelectronics.X-CUBE-TOF1.3.4.2
2025-03-26 13:27:59,852 [WARN] PackLoader:240 - Cannot read IP mode file for Infineon.AIROC-Wi-Fi-Bluetooth-STM32.1.6.1
2025-03-26 13:27:59,864 [WARN] PackLoader:240 - Cannot read IP mode file for wolfSSL.I-CUBE-wolfSSH.1.4.17
2025-03-26 13:27:59,865 [INFO] ThirdParty:978 - Integrity check success = true
2025-03-26 13:27:59,865 [INFO] IntegrityCheckThread:100 - exiting critical section [integrity check]
2025-03-26 13:27:59,865 [INFO] IntegrityCheckThread:103 - End integrity checks thread
2025-03-26 13:51:52,295 [ERROR] LogOutputStream:75 - [STDERR_REDIRECT] 
