2024-12-20 15:41:22,162 [INFO] Activator:176 - 


2024-12-20 15:41:22,166 [INFO] Activator:177 - !SESSION log4j initialized
2024-12-20 15:41:26,400 [INFO] LogOutputStream:77 - [STDOUT_REDIRECT] 
2024-12-20 15:41:28,628 [INFO] ApplicationProperties:184 - Using Application install path: C:\ST\STM32CubeIDE_1.17.0\STM32CubeIDE\plugins\com.st.stm32cube.common.mx_6.13.0.202411220809
2024-12-20 15:41:28,640 [INFO] DbMcusXml:78 - Set database path to: C:\ST\STM32CubeIDE_1.17.0\STM32CubeIDE\plugins\com.st.stm32cube.common.mx_6.13.0.202411220809\\db\/mcu/
2024-12-20 15:41:28,640 [INFO] ApiDb:274 - Set plugin database path to: C:\ST\STM32CubeIDE_1.17.0\STM32CubeIDE\plugins\com.st.stm32cube.common.mx_6.13.0.202411220809\\db\/plugins/boardmanager/
2024-12-20 15:41:28,641 [WARN] ApiDb:259 - Overriding images path with different value:  => C:\ST\STM32CubeIDE_1.17.0\STM32CubeIDE\plugins\com.st.stm32cube.common.mx_6.13.0.202411220809\\db\/plugins/mcufinder/images/
2024-12-20 15:41:28,647 [INFO] ApiDb:250 - Set database path to: C:\Users\Neko\.stmcufinder\plugins\mcufinder//mcu/
2024-12-20 15:41:28,647 [INFO] DbMcusAds:125 - Set database path to: C:\Users\Neko\.stmcufinder\plugins\mcufinder//mcu/
2024-12-20 15:41:28,649 [INFO] CrossReferenceDbSqlite:203 - Set database path to: C:\Users\Neko\.stmcufinder\plugins\mcufinder//mcu/cs/
2024-12-20 15:41:28,724 [INFO] RulesReader:64 - Compatibility file has been processed (297 Rules)
2024-12-20 15:41:28,781 [INFO] DbMcusXml:78 - Set database path to: C:\ST\STM32CubeIDE_1.17.0\STM32CubeIDE\plugins\com.st.stm32cube.common.mx_6.13.0.202411220809\\db\/mcu/
2024-12-20 15:41:28,781 [INFO] ApiDb:274 - Set plugin database path to: C:\ST\STM32CubeIDE_1.17.0\STM32CubeIDE\plugins\com.st.stm32cube.common.mx_6.13.0.202411220809\\db\/plugins/boardmanager/
2024-12-20 15:41:28,781 [INFO] ApiDb:261 - Set plugin images path to: C:\ST\STM32CubeIDE_1.17.0\STM32CubeIDE\plugins\com.st.stm32cube.common.mx_6.13.0.202411220809\\db\/plugins/mcufinder/images/
2024-12-20 15:41:28,781 [WARN] DbFile:41 - Overriding database path with different value: C:\Users\Neko\.stmcufinder\plugins\mcufinder/ => C:\Users\Neko\.stmcufinder\plugins\mcufinder
2024-12-20 15:41:28,781 [INFO] ApiDb:250 - Set database path to: C:\Users\Neko\.stmcufinder\plugins\mcufinder//mcu/
2024-12-20 15:41:28,781 [WARN] DbFile:41 - Overriding database path with different value: C:\Users\Neko\.stmcufinder\plugins\mcufinder/ => C:\Users\Neko\.stmcufinder\plugins\mcufinder
2024-12-20 15:41:28,781 [INFO] DbMcusAds:125 - Set database path to: C:\Users\Neko\.stmcufinder\plugins\mcufinder//mcu/
2024-12-20 15:41:28,782 [WARN] DbFile:41 - Overriding database path with different value: C:\Users\Neko\.stmcufinder\plugins\mcufinder/ => C:\Users\Neko\.stmcufinder\plugins\mcufinder
2024-12-20 15:41:28,782 [WARN] DbFile:41 - Overriding database path with different value: C:\Users\Neko\.stmcufinder\plugins\mcufinder/ => C:\Users\Neko\.stmcufinder\plugins\mcufinder
2024-12-20 15:41:28,782 [INFO] CrossReferenceDbSqlite:203 - Set database path to: C:\Users\Neko\.stmcufinder\plugins\mcufinder//mcu/cs/
2024-12-20 15:41:28,833 [INFO] MainPanel:272 - HeapMemory: 268435456
2024-12-20 15:41:28,906 [INFO] DbMcusXml:78 - Set database path to: C:\ST\STM32CubeIDE_1.17.0\STM32CubeIDE\plugins\com.st.stm32cube.common.mx_6.13.0.202411220809\\db\/mcu/
2024-12-20 15:41:28,906 [INFO] ApiDb:274 - Set plugin database path to: C:\ST\STM32CubeIDE_1.17.0\STM32CubeIDE\plugins\com.st.stm32cube.common.mx_6.13.0.202411220809\\db\/plugins/boardmanager/
2024-12-20 15:41:28,906 [INFO] ApiDb:261 - Set plugin images path to: C:\ST\STM32CubeIDE_1.17.0\STM32CubeIDE\plugins\com.st.stm32cube.common.mx_6.13.0.202411220809\\db\/plugins/mcufinder/images/
2024-12-20 15:41:28,906 [WARN] DbFile:41 - Overriding database path with different value: C:\Users\Neko\.stmcufinder\plugins\mcufinder/ => C:\Users\Neko\.stmcufinder\plugins\mcufinder
2024-12-20 15:41:28,907 [INFO] ApiDb:250 - Set database path to: C:\Users\Neko\.stmcufinder\plugins\mcufinder//mcu/
2024-12-20 15:41:28,907 [WARN] DbFile:41 - Overriding database path with different value: C:\Users\Neko\.stmcufinder\plugins\mcufinder/ => C:\Users\Neko\.stmcufinder\plugins\mcufinder
2024-12-20 15:41:28,907 [INFO] DbMcusAds:125 - Set database path to: C:\Users\Neko\.stmcufinder\plugins\mcufinder//mcu/
2024-12-20 15:41:28,907 [WARN] DbFile:41 - Overriding database path with different value: C:\Users\Neko\.stmcufinder\plugins\mcufinder/ => C:\Users\Neko\.stmcufinder\plugins\mcufinder
2024-12-20 15:41:28,907 [WARN] DbFile:41 - Overriding database path with different value: C:\Users\Neko\.stmcufinder\plugins\mcufinder/ => C:\Users\Neko\.stmcufinder\plugins\mcufinder
2024-12-20 15:41:28,907 [INFO] CrossReferenceDbSqlite:203 - Set database path to: C:\Users\Neko\.stmcufinder\plugins\mcufinder//mcu/cs/
2024-12-20 15:41:28,922 [INFO] ApplicationProperties:184 - Using Application install path: C:\ST\STM32CubeIDE_1.17.0\STM32CubeIDE\plugins\com.st.stm32cube.common.mx_6.13.0.202411220809
2024-12-20 15:41:28,923 [INFO] PluginManage:196 - Search for loadable plugins [exclusion list=, ]
2024-12-20 15:41:28,924 [INFO] PluginManage:310 - Check plugin analytics
2024-12-20 15:41:29,023 [INFO] AnalyticsPlugin:253 - Accepted Software Licenses: 
2024-12-20 15:41:29,023 [INFO] AnalyticsPlugin:255 - Accepted CMSIS Pack Licenses: 
2024-12-20 15:41:29,024 [INFO] AnalyticsPlugin:257 - Accepted Firmware Licenses: FW.F4.1.28.0
2024-12-20 15:41:29,025 [INFO] PluginManage:359 - Loaded plugin analytics (category:tool,tabindex:-1)
2024-12-20 15:41:29,025 [INFO] PluginManage:310 - Check plugin cadmodel
2024-12-20 15:41:29,039 [INFO] CADModel:105 - Init CAD model plugin
2024-12-20 15:41:29,039 [INFO] PluginManage:359 - Loaded plugin cadmodel (category:power,tabindex:5)
2024-12-20 15:41:29,039 [INFO] PluginManage:310 - Check plugin clock
2024-12-20 15:41:29,054 [INFO] PluginManage:359 - Loaded plugin clock (category:base,tabindex:2)
2024-12-20 15:41:29,054 [INFO] PluginManage:310 - Check plugin ddr
2024-12-20 15:41:29,056 [INFO] PluginManage:359 - Loaded plugin ddr (category:tool,tabindex:6)
2024-12-20 15:41:29,056 [INFO] PluginManage:310 - Check plugin filemanager
2024-12-20 15:41:29,165 [INFO] PluginManage:359 - Loaded plugin filemanager (category:base,tabindex:10)
2024-12-20 15:41:29,165 [INFO] PluginManage:310 - Check plugin ipmanager
2024-12-20 15:41:29,170 [INFO] PluginManage:359 - Loaded plugin ipmanager (category:base,tabindex:5)
2024-12-20 15:41:29,170 [INFO] PluginManage:310 - Check plugin lpbam
2024-12-20 15:41:29,185 [INFO] PluginManage:359 - Loaded plugin lpbam (category:base,tabindex:0)
2024-12-20 15:41:29,185 [INFO] PluginManage:310 - Check plugin memorymap
2024-12-20 15:41:29,201 [INFO] PluginManage:359 - Loaded plugin memorymap (category:base,tabindex:4)
2024-12-20 15:41:29,202 [INFO] PluginManage:310 - Check plugin pinoutandconfiguration
2024-12-20 15:41:29,215 [INFO] PluginManage:359 - Loaded plugin pinoutandconfiguration (category:base,tabindex:1)
2024-12-20 15:41:29,215 [INFO] PluginManage:310 - Check plugin pinoutconfig
2024-12-20 15:41:29,280 [WARN] SupportedApi:132 - Cannot load RTOS API schema: s4s-elt-must-match.1: The content of 'definitions' must match (annotation?, (simpleType | complexType)?, (unique | key | keyref)*)). A problem was found starting at: attribute.
2024-12-20 15:41:29,368 [INFO] PluginManage:359 - Loaded plugin pinoutconfig (category:base,tabindex:0)
2024-12-20 15:41:29,369 [INFO] PluginManage:310 - Check plugin power
2024-12-20 15:41:29,387 [INFO] PluginManage:359 - Loaded plugin power (category:power,tabindex:4)
2024-12-20 15:41:29,387 [INFO] PluginManage:310 - Check plugin projectmanager
2024-12-20 15:41:29,398 [INFO] PluginManage:359 - Loaded plugin projectmanager (category:projectmanager,tabindex:4)
2024-12-20 15:41:29,399 [INFO] PluginManage:310 - Check plugin rif
2024-12-20 15:41:29,413 [INFO] PluginManage:359 - Loaded plugin rif (category:base,tabindex:3)
2024-12-20 15:41:29,413 [INFO] PluginManage:310 - Check plugin thirdparty
2024-12-20 15:41:29,617 [INFO] PluginManage:359 - Loaded plugin thirdparty (category:base,tabindex:-1)
2024-12-20 15:41:29,617 [WARN] IntegrityCheckThread:84 - waiting for thirdparty lock release [integrity check]
2024-12-20 15:41:29,617 [INFO] PluginManage:310 - Check plugin tools
2024-12-20 15:41:29,617 [INFO] IntegrityCheckThread:86 - entering critical section [integrity check]
2024-12-20 15:41:29,617 [INFO] ThirdPartyUpdaterWithRetryManager:70 - Updater plugin not ready yet. [1/15]
2024-12-20 15:41:29,643 [INFO] PluginManage:359 - Loaded plugin tools (category:base,tabindex:7)
2024-12-20 15:41:29,643 [INFO] PluginManage:310 - Check plugin tutovideos
2024-12-20 15:41:29,771 [INFO] PluginManage:359 - Loaded plugin tutovideos (category:base,tabindex:-1)
2024-12-20 15:41:29,771 [INFO] PluginManage:310 - Check plugin updater
2024-12-20 15:41:29,786 [INFO] PluginManage:359 - Loaded plugin updater (category:base,tabindex:12)
2024-12-20 15:41:29,786 [INFO] PluginManage:310 - Check plugin userauth
2024-12-20 15:41:29,788 [INFO] UserAuth:118 - Init User Auth plugin
2024-12-20 15:41:29,789 [INFO] PluginManage:359 - Loaded plugin userauth (category:base,tabindex:14)
2024-12-20 15:41:29,789 [INFO] PluginManage:283 - PluginManage : Loaded plugins [18]
2024-12-20 15:41:29,918 [INFO] PinOutPanel:1589 - setPackage(No Configuration,No Configuration)
2024-12-20 15:41:29,975 [INFO] CADModel:165 - CPN selected for project level
2024-12-20 15:41:29,975 [INFO] CADModel:114 - Register for checkConnection events
2024-12-20 15:41:29,995 [INFO] IPUIPlugin:80 - create IPUIPlugin
2024-12-20 15:41:29,995 [INFO] PluginManager:220 - loadIPPluginJar : add adc
2024-12-20 15:41:30,024 [INFO] IPUIPlugin:80 - create IPUIPlugin
2024-12-20 15:41:30,024 [INFO] PluginManager:220 - loadIPPluginJar : add aes
2024-12-20 15:41:30,053 [INFO] IPUIPlugin:80 - create IPUIPlugin
2024-12-20 15:41:30,053 [INFO] PluginManager:220 - loadIPPluginJar : add can
2024-12-20 15:41:30,073 [INFO] IPUIPlugin:80 - create IPUIPlugin
2024-12-20 15:41:30,074 [INFO] PluginManager:220 - loadIPPluginJar : add comp
2024-12-20 15:41:30,098 [INFO] IPUIPlugin:80 - create IPUIPlugin
2024-12-20 15:41:30,098 [INFO] PluginManager:220 - loadIPPluginJar : add cryp
2024-12-20 15:41:30,108 [INFO] IPUIPlugin:80 - create IPUIPlugin
2024-12-20 15:41:30,108 [INFO] PluginManager:220 - loadIPPluginJar : add ddr_ctrl_phy
2024-12-20 15:41:30,128 [INFO] IPUIPlugin:80 - create IPUIPlugin
2024-12-20 15:41:30,128 [INFO] PluginManager:220 - loadIPPluginJar : add dfsdm
2024-12-20 15:41:30,138 [INFO] IPUIPlugin:80 - create IPUIPlugin
2024-12-20 15:41:30,138 [INFO] PluginManager:220 - loadIPPluginJar : add dma
2024-12-20 15:41:30,170 [INFO] IPUIPlugin:80 - create IPUIPlugin
2024-12-20 15:41:30,170 [INFO] PluginManager:220 - loadIPPluginJar : add dma3
2024-12-20 15:41:30,205 [INFO] IPUIPlugin:80 - create IPUIPlugin
2024-12-20 15:41:30,205 [INFO] PluginManager:220 - loadIPPluginJar : add extmemmanager
2024-12-20 15:41:30,219 [INFO] IPUIPlugin:80 - create IPUIPlugin
2024-12-20 15:41:30,219 [INFO] PluginManager:220 - loadIPPluginJar : add fatfs
2024-12-20 15:41:30,253 [INFO] IPUIPlugin:80 - create IPUIPlugin
2024-12-20 15:41:30,254 [INFO] PluginManager:220 - loadIPPluginJar : add fmc
2024-12-20 15:41:30,268 [INFO] IPUIPlugin:80 - create IPUIPlugin
2024-12-20 15:41:30,268 [INFO] PluginManager:220 - loadIPPluginJar : add freertos
2024-12-20 15:41:30,282 [INFO] IPUIPlugin:80 - create IPUIPlugin
2024-12-20 15:41:30,282 [INFO] PluginManager:220 - loadIPPluginJar : add genericplugin
2024-12-20 15:41:30,341 [INFO] IPUIPlugin:80 - create IPUIPlugin
2024-12-20 15:41:30,341 [INFO] PluginManager:220 - loadIPPluginJar : add gfxmmu
2024-12-20 15:41:30,428 [INFO] IPUIPlugin:80 - create IPUIPlugin
2024-12-20 15:41:30,428 [INFO] PluginManager:220 - loadIPPluginJar : add gic
2024-12-20 15:41:30,438 [INFO] IPUIPlugin:80 - create IPUIPlugin
2024-12-20 15:41:30,438 [INFO] PluginManager:220 - loadIPPluginJar : add gpio
2024-12-20 15:41:30,503 [INFO] IPUIPlugin:80 - create IPUIPlugin
2024-12-20 15:41:30,503 [INFO] PluginManager:220 - loadIPPluginJar : add gtzc
2024-12-20 15:41:30,524 [INFO] IPUIPlugin:80 - create IPUIPlugin
2024-12-20 15:41:30,524 [INFO] PluginManager:220 - loadIPPluginJar : add hash
2024-12-20 15:41:30,559 [INFO] IPUIPlugin:80 - create IPUIPlugin
2024-12-20 15:41:30,559 [INFO] PluginManager:220 - loadIPPluginJar : add i2c
2024-12-20 15:41:30,586 [INFO] IPUIPlugin:80 - create IPUIPlugin
2024-12-20 15:41:30,586 [INFO] PluginManager:220 - loadIPPluginJar : add i2s
2024-12-20 15:41:30,616 [INFO] IPUIPlugin:80 - create IPUIPlugin
2024-12-20 15:41:30,616 [INFO] PluginManager:220 - loadIPPluginJar : add i3c
2024-12-20 15:41:30,692 [INFO] IPUIPlugin:80 - create IPUIPlugin
2024-12-20 15:41:30,692 [INFO] PluginManager:220 - loadIPPluginJar : add ipddr
2024-12-20 15:41:30,752 [INFO] IPUIPlugin:80 - create IPUIPlugin
2024-12-20 15:41:30,752 [INFO] PluginManager:220 - loadIPPluginJar : add linkedlist
2024-12-20 15:41:30,775 [INFO] IPUIPlugin:80 - create IPUIPlugin
2024-12-20 15:41:30,776 [INFO] PluginManager:220 - loadIPPluginJar : add lorawan
2024-12-20 15:41:30,799 [INFO] IPUIPlugin:80 - create IPUIPlugin
2024-12-20 15:41:30,799 [INFO] PluginManager:220 - loadIPPluginJar : add ltdc
2024-12-20 15:41:30,809 [INFO] IPUIPlugin:80 - create IPUIPlugin
2024-12-20 15:41:30,809 [INFO] PluginManager:220 - loadIPPluginJar : add mdma
2024-12-20 15:41:30,817 [INFO] IPUIPlugin:80 - create IPUIPlugin
2024-12-20 15:41:30,817 [INFO] PluginManager:220 - loadIPPluginJar : add nvic
2024-12-20 15:41:30,841 [INFO] IPUIPlugin:80 - create IPUIPlugin
2024-12-20 15:41:30,841 [INFO] PluginManager:220 - loadIPPluginJar : add opamp
2024-12-20 15:41:30,881 [INFO] IPUIPlugin:80 - create IPUIPlugin
2024-12-20 15:41:30,881 [INFO] PluginManager:220 - loadIPPluginJar : add openamp
2024-12-20 15:41:30,913 [INFO] IPUIPlugin:80 - create IPUIPlugin
2024-12-20 15:41:30,913 [INFO] PluginManager:220 - loadIPPluginJar : add pdm2pcm
2024-12-20 15:41:30,924 [INFO] IPUIPlugin:80 - create IPUIPlugin
2024-12-20 15:41:30,925 [INFO] PluginManager:220 - loadIPPluginJar : add plateformsettings
2024-12-20 15:41:30,942 [INFO] IPUIPlugin:80 - create IPUIPlugin
2024-12-20 15:41:30,942 [INFO] PluginManager:220 - loadIPPluginJar : add quadspi
2024-12-20 15:41:30,959 [INFO] IPUIPlugin:80 - create IPUIPlugin
2024-12-20 15:41:30,960 [INFO] PluginManager:220 - loadIPPluginJar : add radio
2024-12-20 15:41:30,969 [INFO] IPUIPlugin:80 - create IPUIPlugin
2024-12-20 15:41:30,969 [INFO] PluginManager:220 - loadIPPluginJar : add resmgrutility
2024-12-20 15:41:31,001 [INFO] IPUIPlugin:80 - create IPUIPlugin
2024-12-20 15:41:31,001 [INFO] PluginManager:220 - loadIPPluginJar : add sai
2024-12-20 15:41:31,024 [INFO] IPUIPlugin:80 - create IPUIPlugin
2024-12-20 15:41:31,025 [INFO] PluginManager:220 - loadIPPluginJar : add spi
2024-12-20 15:41:31,072 [INFO] IPUIPlugin:80 - create IPUIPlugin
2024-12-20 15:41:31,072 [INFO] PluginManager:220 - loadIPPluginJar : add stm32_wpan
2024-12-20 15:41:31,089 [INFO] IPUIPlugin:80 - create IPUIPlugin
2024-12-20 15:41:31,089 [INFO] PluginManager:220 - loadIPPluginJar : add tim
2024-12-20 15:41:31,130 [INFO] IPUIPlugin:80 - create IPUIPlugin
2024-12-20 15:41:31,131 [INFO] PluginManager:220 - loadIPPluginJar : add touchsensing
2024-12-20 15:41:31,145 [INFO] IPUIPlugin:80 - create IPUIPlugin
2024-12-20 15:41:31,145 [INFO] PluginManager:220 - loadIPPluginJar : add tracer_emb
2024-12-20 15:41:31,160 [INFO] IPUIPlugin:80 - create IPUIPlugin
2024-12-20 15:41:31,161 [INFO] PluginManager:220 - loadIPPluginJar : add ts
2024-12-20 15:41:31,175 [INFO] IPUIPlugin:80 - create IPUIPlugin
2024-12-20 15:41:31,175 [INFO] PluginManager:220 - loadIPPluginJar : add tsc
2024-12-20 15:41:31,189 [INFO] IPUIPlugin:80 - create IPUIPlugin
2024-12-20 15:41:31,189 [INFO] PluginManager:220 - loadIPPluginJar : add ucpd
2024-12-20 15:41:31,220 [INFO] IPUIPlugin:80 - create IPUIPlugin
2024-12-20 15:41:31,220 [INFO] PluginManager:220 - loadIPPluginJar : add usart
2024-12-20 15:41:31,251 [INFO] IPUIPlugin:80 - create IPUIPlugin
2024-12-20 15:41:31,251 [INFO] PluginManager:220 - loadIPPluginJar : add usbx
2024-12-20 15:41:31,356 [FATAL] Updater:351 - Updater called before beeing initialized
2024-12-20 15:41:31,371 [INFO] RulesReader:64 - Compatibility file has been processed (297 Rules)
2024-12-20 15:41:31,377 [INFO] RulesReader:64 - Compatibility file has been processed (297 Rules)
2024-12-20 15:41:31,382 [INFO] CADModel:165 - CPN selected for project level
2024-12-20 15:41:31,382 [INFO] CADModel:114 - Register for checkConnection events
2024-12-20 15:41:31,382 [FATAL] Updater:351 - Updater called before beeing initialized
2024-12-20 15:41:31,382 [ERROR] CADModel:125 - Updater not yet initialized, retry later 
2024-12-20 15:41:31,477 [FATAL] Updater:351 - Updater called before beeing initialized
2024-12-20 15:41:31,478 [INFO] CADModel:165 - CPN selected for project level
2024-12-20 15:41:31,478 [INFO] CADModel:114 - Register for checkConnection events
2024-12-20 15:41:31,478 [FATAL] Updater:351 - Updater called before beeing initialized
2024-12-20 15:41:31,478 [ERROR] CADModel:125 - Updater not yet initialized, retry later 
2024-12-20 15:41:31,480 [FATAL] Updater:351 - Updater called before beeing initialized
2024-12-20 15:41:31,544 [FATAL] Updater:351 - Updater called before beeing initialized
2024-12-20 15:41:31,553 [INFO] DbMcusAds:53 - JSON generation date=Fri Sep 20 16:04:23 EEST 2024 (1726837463113)
2024-12-20 15:41:31,553 [FATAL] Updater:351 - Updater called before beeing initialized
2024-12-20 15:41:31,579 [WARN] DetailPanel:346 - Failed to get advertising image, set to default
2024-12-20 15:41:31,770 [FATAL] Updater:351 - Updater called before beeing initialized
2024-12-20 15:41:31,771 [FATAL] Updater:351 - Updater called before beeing initialized
2024-12-20 15:41:31,771 [FATAL] Updater:351 - Updater called before beeing initialized
2024-12-20 15:41:31,771 [WARN] DetailPanel:346 - Failed to get advertising image, set to default
2024-12-20 15:41:31,772 [FATAL] Updater:351 - Updater called before beeing initialized
2024-12-20 15:41:31,810 [ERROR] Updater:1198 - MainUpdater not yet initialized. External WinMGr cannot be set.
2024-12-20 15:41:31,817 [INFO] Updater:1134 - Updater Version found : 6.13.0
2024-12-20 15:41:31,827 [INFO] ApplicationProperties:184 - Using Application install path: C:\ST\STM32CubeIDE_1.17.0\STM32CubeIDE\plugins\com.st.stm32cube.common.mx_6.13.0.202411220809
2024-12-20 15:41:32,618 [INFO] ThirdPartyUpdaterWithRetryManager:70 - Updater plugin not ready yet. [2/15]
2024-12-20 15:41:33,395 [ERROR] LogOutputStream:75 - [STDERR_REDIRECT] Dec 20, 2024 3:41:33 PM java.util.prefs.WindowsPreferences <init>
2024-12-20 15:41:33,396 [ERROR] LogOutputStream:75 - [STDERR_REDIRECT] WARNING: Could not open/create prefs root node Software\JavaSoft\Prefs at root 0xffffffff80000002. Windows RegCreateKeyEx(...) returned error code 5.
2024-12-20 15:41:33,396 [ERROR] LogOutputStream:75 - [STDERR_REDIRECT] 
2024-12-20 15:41:33,711 [INFO] MainUpdater:2872 - connection check result : 10
2024-12-20 15:41:33,712 [INFO] MainUpdater:3566 - Updater definition file requires update
2024-12-20 15:41:33,712 [INFO] MainUpdater:289 - Updater Check For Update Now.
2024-12-20 15:41:33,712 [INFO] MicroXplorer:498 - Change Database Version : DB.6.0.130
2024-12-20 15:41:33,726 [INFO] McuFinderGlobals:63 - Set McuFinder mode to 2 (CubeIDE integrated)
2024-12-20 15:41:33,731 [INFO] UserAuth:486 - Internet connection configuration mode: 1
2024-12-20 15:41:33,752 [INFO] JxBrowserEngine:152 - Initiate JxBrowser Engine with user profile folder
2024-12-20 15:41:33,893 [INFO] ServerAccessManage:473 - Download File updaters.zip
2024-12-20 15:41:33,956 [INFO] FileExtend:240 - Unzip File : updaters.zip
2024-12-20 15:41:33,956 [INFO] FileExtend:255 - Standard Zip Deflate
2024-12-20 15:41:34,456 [INFO] ServerAccessManage:473 - Download File PacksControlFlags.xml
2024-12-20 15:41:34,546 [INFO] WebApp:168 - Instantiating new browser for Auth
2024-12-20 15:41:34,578 [INFO] ServerAccessManage:473 - Download File cubemx.pidx
2024-12-20 15:41:35,122 [INFO] WebApp:449 - Apply proxy settings
2024-12-20 15:41:35,123 [INFO] WebApp:534 - Chromium requires no authentication
2024-12-20 15:41:35,129 [INFO] WebApp:477 - Direct internet connection detected
2024-12-20 15:41:35,146 [INFO] WebApp:880 - Register for checkConnection events
2024-12-20 15:41:35,146 [INFO] WebApp:449 - Apply proxy settings
2024-12-20 15:41:35,146 [INFO] WebApp:534 - Chromium requires no authentication
2024-12-20 15:41:35,146 [INFO] WebApp:477 - Direct internet connection detected
2024-12-20 15:41:35,154 [INFO] ServerAccessManage:473 - Download File STMicroelectronics.X-CUBE-FREERTOS.pdsc
2024-12-20 15:41:35,259 [INFO] WebApp:221 - Starting web application
2024-12-20 15:41:35,259 [INFO] WebApp:579 - Web application path used C:\ST\STM32CubeIDE_1.17.0\STM32CubeIDE\plugins\com.st.stm32cube.common.mx_6.13.0.202411220809\db\plugins\mcufinder\reactClient1\index.html
2024-12-20 15:41:35,362 [INFO] UserAuth:486 - Internet connection configuration mode: 1
2024-12-20 15:41:35,414 [INFO] WebApp:187 - Connection restablished
2024-12-20 15:41:35,619 [WARN] MainUpdater:1193 - Updater busy. Cannot search thirdparties
2024-12-20 15:41:35,619 [INFO] ThirdPartyUpdaterWithRetryManager:96 - Updater plugin is busy. [1/15]
2024-12-20 15:41:36,107 [INFO] ServerAccessManage:473 - Download File STMicroelectronics.X-CUBE-GNSS1.pdsc
2024-12-20 15:41:37,813 [ERROR] ServerAccessManage:1089 - Problem, file not found on Server
2024-12-20 15:41:38,060 [ERROR] ServerAccessManage:1089 - Problem, file not found on Server
2024-12-20 15:41:38,325 [ERROR] ServerAccessManage:1089 - Problem, file not found on Server
2024-12-20 15:41:38,597 [ERROR] ServerAccessManage:1089 - Problem, file not found on Server
2024-12-20 15:41:38,621 [WARN] MainUpdater:1193 - Updater busy. Cannot search thirdparties
2024-12-20 15:41:38,621 [INFO] ThirdPartyUpdaterWithRetryManager:96 - Updater plugin is busy. [2/15]
2024-12-20 15:41:38,856 [ERROR] ServerAccessManage:1089 - Problem, file not found on Server
2024-12-20 15:41:39,110 [ERROR] ServerAccessManage:1089 - Problem, file not found on Server
2024-12-20 15:41:39,396 [INFO] ServerAccessManage:473 - Download File STMicroelectronics.X-CUBE-MEMS1.pdsc
2024-12-20 15:41:41,622 [WARN] MainUpdater:1193 - Updater busy. Cannot search thirdparties
2024-12-20 15:41:41,622 [INFO] ThirdPartyUpdaterWithRetryManager:96 - Updater plugin is busy. [3/15]
2024-12-20 15:41:43,579 [INFO] ServerAccessManage:473 - Download File STMicroelectronics.X-CUBE-TCPP.pdsc
2024-12-20 15:41:44,354 [WARN] PackLoader:240 - Cannot read IP mode file for STMicroelectronics.X-CUBE-FREERTOS.1.3.0
2024-12-20 15:41:44,359 [WARN] PackLoader:240 - Cannot read IP mode file for STMicroelectronics.X-CUBE-GNSS1.7.0.1
2024-12-20 15:41:44,405 [WARN] PackLoader:240 - Cannot read IP mode file for STMicroelectronics.X-CUBE-MEMS1.11.1.0
2024-12-20 15:41:44,514 [INFO] CheckServerUpdateThread:120 - End of CheckServer Thread
2024-12-20 15:41:44,519 [WARN] PackLoader:240 - Cannot read IP mode file for STMicroelectronics.X-CUBE-TCPP.4.2.0
2024-12-20 15:41:44,521 [INFO] PopulateThirdPartyThread:66 - Ending populate Thread
2024-12-20 15:41:44,522 [INFO] ThirdParty:1030 - CMSIS Pack Vendor :STMicroelectronics X-CUBE-FREERTOS 1.3.0
2024-12-20 15:41:44,522 [INFO] ThirdParty:1030 - CMSIS Pack Vendor :STMicroelectronics X-CUBE-GNSS1 7.0.1
2024-12-20 15:41:44,522 [INFO] ThirdParty:1030 - CMSIS Pack Vendor :STMicroelectronics X-CUBE-MEMS1 11.1.0
2024-12-20 15:41:44,522 [INFO] ThirdParty:1030 - CMSIS Pack Vendor :STMicroelectronics X-CUBE-TCPP 4.2.0
2024-12-20 15:41:44,522 [INFO] LoadServerUpdatesThread:375 - End of LoadServerUpdate Thread
2024-12-20 15:41:44,741 [WARN] PackLoader:240 - Cannot read IP mode file for STMicroelectronics.FP-SNS-MOTENVWB1.1.4.0
2024-12-20 15:41:44,744 [WARN] PackLoader:240 - Cannot read IP mode file for STMicroelectronics.FP-ATR-ASTRA1.2.0.1
2024-12-20 15:41:44,753 [WARN] PackLoader:240 - Cannot read IP mode file for STMicroelectronics.X-CUBE-SMBUS.2.1.0
2024-12-20 15:41:44,763 [WARN] PackLoader:240 - Cannot read IP mode file for STMicroelectronics.X-CUBE-WB05N.1.1.0
2024-12-20 15:41:44,781 [WARN] PackLoader:240 - Cannot read IP mode file for STMicroelectronics.X-CUBE-AZRTOS-F7.1.1.0
2024-12-20 15:41:44,821 [WARN] PackLoader:240 - Cannot read IP mode file for STMicroelectronics.X-CUBE-MEMS1.11.0.0
2024-12-20 15:41:44,874 [WARN] PackLoader:240 - Cannot read IP mode file for STMicroelectronics.FP-SNS-FLIGHT1.5.0.2
2024-12-20 15:41:44,887 [WARN] PackLoader:240 - Cannot read IP mode file for STMicroelectronics.X-CUBE-DISPLAY.3.0.0
2024-12-20 15:41:44,900 [WARN] PackLoader:240 - Cannot read IP mode file for STMicroelectronics.X-CUBE-BLE1.7.0.0
2024-12-20 15:41:44,915 [WARN] PackLoader:240 - Cannot read IP mode file for STMicroelectronics.X-CUBE-NFC10.1.0.0
2024-12-20 15:41:44,929 [WARN] PackLoader:240 - Cannot read IP mode file for STMicroelectronics.X-CUBE-BLEMGR.4.0.0
2024-12-20 15:41:44,941 [WARN] PackLoader:240 - Cannot read IP mode file for emotas.I-CUBE-CANOPEN.1.3.0
2024-12-20 15:41:44,951 [WARN] PackLoader:240 - Cannot read IP mode file for STMicroelectronics.X-CUBE-BLEMGR.3.1.0
2024-12-20 15:41:44,962 [WARN] PackLoader:240 - Cannot read IP mode file for STMicroelectronics.FP-SNS-SMARTAG2.1.2.0
2024-12-20 15:41:44,981 [WARN] PackLoader:240 - Cannot read IP mode file for STMicroelectronics.X-CUBE-MEMS1.11.1.0
2024-12-20 15:41:45,047 [INFO] LogOutputStream:77 - [STDOUT_REDIRECT] 1 : Invalid condition id : UX_CORESTACK_Condition cause : null
2024-12-20 15:41:45,048 [INFO] LogOutputStream:77 - [STDOUT_REDIRECT] 1 : Invalid condition id : UX_CORESTACK_Condition cause : null
2024-12-20 15:41:45,048 [INFO] LogOutputStream:77 - [STDOUT_REDIRECT] 1 : Invalid condition id : UX_CORESTACK_Condition cause : null
2024-12-20 15:41:45,049 [INFO] LogOutputStream:77 - [STDOUT_REDIRECT] 1 : Invalid condition id : UX_CORESTACK_Condition cause : null
2024-12-20 15:41:45,049 [INFO] LogOutputStream:77 - [STDOUT_REDIRECT] 1 : Invalid condition id : UX_CORESTACK_Condition cause : null
2024-12-20 15:41:45,051 [WARN] PackLoader:240 - Cannot read IP mode file for STMicroelectronics.X-CUBE-AZRTOS-WL.2.0.0
2024-12-20 15:41:45,061 [WARN] PackLoader:240 - Cannot read IP mode file for STMicroelectronics.FP-SNS-MOTENV1.5.0.0
2024-12-20 15:41:45,065 [WARN] PackLoader:240 - Cannot read IP mode file for wolfSSL.I-CUBE-wolfMQTT.1.19.0
2024-12-20 15:41:45,075 [WARN] PackLoader:240 - Cannot read IP mode file for WES.I-CUBE-Cesium.1.3.0
2024-12-20 15:41:45,086 [WARN] PackLoader:240 - Cannot read IP mode file for STMicroelectronics.X-CUBE-BLE2.3.3.0
2024-12-20 15:41:45,097 [WARN] PackLoader:240 - Cannot read IP mode file for STMicroelectronics.X-CUBE-NFC9.1.0.0
2024-12-20 15:41:45,108 [WARN] PackLoader:240 - Cannot read IP mode file for STMicroelectronics.X-CUBE-TCPP.4.1.0
2024-12-20 15:41:45,127 [WARN] PackLoader:240 - Cannot read IP mode file for STMicroelectronics.X-CUBE-AZRTOS-G0.1.1.0
2024-12-20 15:41:45,140 [WARN] PackLoader:240 - Cannot read IP mode file for STMicroelectronics.X-CUBE-SAFEA1.1.2.2
2024-12-20 15:41:45,152 [WARN] PackLoader:240 - Cannot read IP mode file for STMicroelectronics.X-CUBE-NFC4.3.0.0
2024-12-20 15:41:45,165 [WARN] PackLoader:240 - Cannot read IP mode file for EmbeddedOffice.I-CUBE-FS-RTOS.1.0.1
2024-12-20 15:41:45,168 [WARN] PackLoader:240 - Cannot read IP mode file for STMicroelectronics.X-CUBE-TCPP.4.2.0
2024-12-20 15:41:45,179 [WARN] PackLoader:240 - Cannot read IP mode file for RealThread.X-CUBE-RT-Thread_Nano.4.1.1
2024-12-20 15:41:45,183 [WARN] PackLoader:240 - Cannot read IP mode file for STMicroelectronics.FP-ATR-SIGFOX1.3.2.0
2024-12-20 15:41:45,192 [WARN] PackLoader:240 - Cannot read IP mode file for wolfSSL.I-CUBE-wolfSSL.5.7.2
2024-12-20 15:41:45,196 [WARN] ConditionMgr:438 - getConditionDescription Invalid condition id : Cortex-A Device cause : null
2024-12-20 15:41:45,208 [WARN] ConditionMgr:1044 - genDependencies : Invalid condition id : Cortex-A Device cause : null
2024-12-20 15:41:45,208 [WARN] ConditionMgr:1044 - genDependencies : Invalid condition id : Cortex-A Device cause : null
2024-12-20 15:41:45,208 [WARN] ConditionMgr:1044 - genDependencies : Invalid condition id : Cortex-A Device cause : null
2024-12-20 15:41:45,218 [WARN] PackLoader:240 - Cannot read IP mode file for STMicroelectronics.X-CUBE-EEPRMA1.5.1.0
2024-12-20 15:41:45,229 [WARN] PackLoader:240 - Cannot read IP mode file for ITTIA_DB.I-CUBE-ITTIADB.8.9.0
2024-12-20 15:41:45,249 [WARN] PackLoader:240 - Cannot read IP mode file for SEGGER.I-CUBE-embOS.1.3.1
2024-12-20 15:41:45,271 [WARN] PackLoader:240 - Cannot read IP mode file for STMicroelectronics.X-CUBE-ALGOBUILD.1.4.0
2024-12-20 15:41:45,281 [WARN] PackLoader:240 - Cannot read IP mode file for STMicroelectronics.X-CUBE-AI.9.1.0
2024-12-20 15:41:45,298 [WARN] PackLoader:240 - Cannot read IP mode file for STMicroelectronics.X-CUBE-AZRTOS-F4.1.1.0
2024-12-20 15:41:45,308 [WARN] PackLoader:240 - Cannot read IP mode file for STMicroelectronics.X-CUBE-ISPU.2.1.0
2024-12-20 15:41:45,317 [WARN] PackLoader:240 - Cannot read IP mode file for STMicroelectronics.X-CUBE-FREERTOS.1.2.0
2024-12-20 15:41:45,332 [WARN] PackLoader:240 - Cannot read IP mode file for STMicroelectronics.X-CUBE-AZRTOS-L5.2.0.0
2024-12-20 15:41:45,344 [WARN] PackLoader:240 - Cannot read IP mode file for STMicroelectronics.X-CUBE-NFC6.3.1.0
2024-12-20 15:41:45,353 [WARN] PackLoader:240 - Cannot read IP mode file for STMicroelectronics.X-CUBE-DPower.1.2.0
2024-12-20 15:41:45,355 [WARN] PackLoader:240 - Cannot read IP mode file for STMicroelectronics.X-CUBE-FREERTOS.1.3.0
2024-12-20 15:41:45,363 [WARN] PackLoader:240 - Cannot read IP mode file for STMicroelectronics.X-CUBE-NFC7.1.0.1
2024-12-20 15:41:45,381 [WARN] ConditionMgr:438 - getConditionDescription Invalid condition id : LAN8742 Phy interface Condition cause : null
2024-12-20 15:41:45,381 [WARN] PackLoader:240 - Cannot read IP mode file for STMicroelectronics.X-CUBE-AZRTOS-L4.2.0.0
2024-12-20 15:41:45,382 [WARN] ConditionMgr:1044 - genDependencies : Invalid condition id : LAN8742 Phy interface Condition cause : null
2024-12-20 15:41:45,382 [WARN] ConditionMgr:1044 - genDependencies : Invalid condition id : LAN8742 Phy interface Condition cause : null
2024-12-20 15:41:45,382 [WARN] ConditionMgr:1044 - genDependencies : Invalid condition id : LAN8742 Phy interface Condition cause : null
2024-12-20 15:41:45,394 [WARN] PackLoader:240 - Cannot read IP mode file for STMicroelectronics.X-CUBE-SFXS2LP1.4.0.0
2024-12-20 15:41:45,415 [WARN] PackLoader:240 - Cannot read IP mode file for STMicroelectronics.X-CUBE-AZRTOS-H7.3.3.0
2024-12-20 15:41:45,429 [WARN] PackLoader:240 - Cannot read IP mode file for STMicroelectronics.X-CUBE-IPS.3.0.0
2024-12-20 15:41:45,448 [WARN] ConditionMgr:438 - getConditionDescription Invalid condition id : UX DEVICE CLASS RTOS Condition cause : null
2024-12-20 15:41:45,448 [WARN] ConditionMgr:438 - getConditionDescription Invalid condition id : UX DEVICE CLASS RTOS Condition cause : null
2024-12-20 15:41:45,449 [WARN] PackLoader:240 - Cannot read IP mode file for STMicroelectronics.X-CUBE-AZRTOS-WB.2.0.0
2024-12-20 15:41:45,449 [WARN] ConditionMgr:1044 - genDependencies : Invalid condition id : UX DEVICE CLASS RTOS Condition cause : null
2024-12-20 15:41:45,450 [WARN] ConditionMgr:1044 - genDependencies : Invalid condition id : UX DEVICE CLASS RTOS Condition cause : null
2024-12-20 15:41:45,450 [WARN] ConditionMgr:1044 - genDependencies : Invalid condition id : UX DEVICE CLASS RTOS Condition cause : null
2024-12-20 15:41:45,450 [WARN] ConditionMgr:1044 - genDependencies : Invalid condition id : UX DEVICE CLASS RTOS Condition cause : null
2024-12-20 15:41:45,450 [WARN] ConditionMgr:1044 - genDependencies : Invalid condition id : UX DEVICE CLASS RTOS Condition cause : null
2024-12-20 15:41:45,461 [WARN] PackLoader:240 - Cannot read IP mode file for STMicroelectronics.X-CUBE-GNSS1.7.0.0
2024-12-20 15:41:45,464 [WARN] PackLoader:240 - Cannot read IP mode file for STMicroelectronics.X-CUBE-GNSS1.7.0.1
2024-12-20 15:41:45,475 [WARN] PackLoader:240 - Cannot read IP mode file for STMicroelectronics.FP-SNS-STBOX1.2.0.0
2024-12-20 15:41:45,487 [WARN] PackLoader:240 - Cannot read IP mode file for STMicroelectronics.X-CUBE-SUBG2.5.0.0
2024-12-20 15:41:45,492 [WARN] PackLoader:240 - Cannot read IP mode file for Cesanta.I-CUBE-Mongoose.7.13.0
2024-12-20 15:41:45,508 [WARN] PackLoader:240 - Cannot read IP mode file for STMicroelectronics.X-CUBE-AZRTOS-G4.2.0.0
2024-12-20 15:41:45,518 [WARN] PackLoader:240 - Cannot read IP mode file for STMicroelectronics.X-CUBE-ALS.1.0.2
2024-12-20 15:41:45,526 [WARN] PackLoader:240 - Cannot read IP mode file for STMicroelectronics.X-CUBE-TOUCHGFX.4.24.1
2024-12-20 15:41:45,529 [WARN] PackLoader:240 - Cannot read IP mode file for wolfSSL.I-CUBE-wolfTPM.3.4.0
2024-12-20 15:41:45,538 [WARN] PackLoader:240 - Cannot read IP mode file for portGmbH.I-Cube-SoM-uGOAL.1.1.0
2024-12-20 15:41:45,555 [WARN] PackLoader:240 - Cannot read IP mode file for STMicroelectronics.X-CUBE-AZRTOS-H7RS.1.0.0
2024-12-20 15:41:45,563 [WARN] PackLoader:240 - Cannot read IP mode file for STMicroelectronics.FP-ATR-ASTRA1.2.0.0
2024-12-20 15:41:45,580 [WARN] PackLoader:240 - Cannot read IP mode file for STMicroelectronics.X-CUBE-TOF1.3.4.2
2024-12-20 15:41:45,605 [WARN] PackLoader:240 - Cannot read IP mode file for Infineon.AIROC-Wi-Fi-Bluetooth-STM32.1.6.1
2024-12-20 15:41:45,610 [WARN] PackLoader:240 - Cannot read IP mode file for wolfSSL.I-CUBE-wolfSSH.1.4.17
2024-12-20 15:41:45,611 [INFO] ThirdParty:978 - Integrity check success = true
2024-12-20 15:41:45,611 [INFO] IntegrityCheckThread:100 - exiting critical section [integrity check]
2024-12-20 15:41:45,611 [INFO] IntegrityCheckThread:103 - End integrity checks thread
2024-12-20 15:56:11,706 [INFO] WebApp:190 - Connection lost
2024-12-20 15:56:11,909 [INFO] WebApp:187 - Connection restablished
2024-12-20 15:56:18,740 [INFO] WebApp:190 - Connection lost
2024-12-20 15:56:18,881 [INFO] WebApp:187 - Connection restablished
2024-12-20 15:56:23,504 [ERROR] LogOutputStream:75 - [STDERR_REDIRECT] 
2024-12-20 15:56:23,505 [ERROR] LogOutputStream:75 - [STDERR_REDIRECT] 
